[0.487s] DEBUG:colcon:Command line arguments: ['/usr/bin/colcon', 'build', '--packages-select', 'hw1', '--symlink-install']
[0.487s] DEBUG:colcon:Parsed command line arguments: Namespace(log_base=None, log_level=None, verb_name='build', build_base='build', install_base='install', merge_install=False, symlink_install=True, test_result_base=None, continue_on_error=False, executor='parallel', parallel_workers=4, event_handlers=None, ignore_user_meta=False, metas=['./colcon.meta'], base_paths=['.'], packages_ignore=None, packages_ignore_regex=None, paths=None, packages_up_to=None, packages_up_to_regex=None, packages_above=None, packages_above_and_dependencies=None, packages_above_depth=None, packages_select_by_dep=None, packages_skip_by_dep=None, packages_skip_up_to=None, packages_select_build_failed=False, packages_skip_build_finished=False, packages_select_test_failures=False, packages_skip_test_passed=False, packages_select=['hw1'], packages_skip=None, packages_select_regex=None, packages_skip_regex=None, packages_start=None, packages_end=None, allow_overriding=[], cmake_args=None, cmake_target=None, cmake_target_skip_unavailable=False, cmake_clean_cache=False, cmake_clean_first=False, cmake_force_configure=False, ament_cmake_args=None, catkin_cmake_args=None, catkin_skip_building_tests=False, verb_parser=<colcon_defaults.argument_parser.defaults.DefaultArgumentsDecorator object at 0xffffb67c7b20>, verb_extension=<colcon_core.verb.build.BuildVerb object at 0xffffb69a8eb0>, main=<bound method BuildVerb.main of <colcon_core.verb.build.BuildVerb object at 0xffffb69a8eb0>>)
[1.871s] Level 1:colcon.colcon_core.package_discovery:discover_packages(colcon_meta) check parameters
[1.872s] Level 1:colcon.colcon_core.package_discovery:discover_packages(recursive) check parameters
[1.872s] Level 1:colcon.colcon_core.package_discovery:discover_packages(ignore) check parameters
[1.872s] Level 1:colcon.colcon_core.package_discovery:discover_packages(path) check parameters
[1.872s] Level 1:colcon.colcon_core.package_discovery:discover_packages(colcon_meta) discover
[1.872s] Level 1:colcon.colcon_core.package_discovery:discover_packages(recursive) discover
[1.873s] INFO:colcon.colcon_core.package_discovery:Crawling recursively for packages in '/home/dylan/ros/Homework1-CS560-DylanBrearley'
[1.873s] Level 1:colcon.colcon_core.package_identification:_identify(.) by extensions ['ignore', 'ignore_ament_install']
[1.873s] Level 1:colcon.colcon_core.package_identification:_identify(.) by extension 'ignore'
[1.874s] Level 1:colcon.colcon_core.package_identification:_identify(.) by extension 'ignore_ament_install'
[1.874s] Level 1:colcon.colcon_core.package_identification:_identify(.) by extensions ['colcon_pkg']
[1.874s] Level 1:colcon.colcon_core.package_identification:_identify(.) by extension 'colcon_pkg'
[1.874s] Level 1:colcon.colcon_core.package_identification:_identify(.) by extensions ['colcon_meta']
[1.874s] Level 1:colcon.colcon_core.package_identification:_identify(.) by extension 'colcon_meta'
[1.874s] Level 1:colcon.colcon_core.package_identification:_identify(.) by extensions ['ros']
[1.874s] Level 1:colcon.colcon_core.package_identification:_identify(.) by extension 'ros'
[1.927s] Level 1:colcon.colcon_core.package_identification:_identify(.) by extensions ['cmake', 'python']
[1.927s] Level 1:colcon.colcon_core.package_identification:_identify(.) by extension 'cmake'
[1.927s] Level 1:colcon.colcon_core.package_identification:_identify(.) by extension 'python'
[1.927s] Level 1:colcon.colcon_core.package_identification:_identify(.) by extensions ['python_setup_py']
[1.928s] Level 1:colcon.colcon_core.package_identification:_identify(.) by extension 'python_setup_py'
[1.928s] Level 1:colcon.colcon_core.package_identification:_identify(build) by extensions ['ignore', 'ignore_ament_install']
[1.928s] Level 1:colcon.colcon_core.package_identification:_identify(build) by extension 'ignore'
[1.929s] Level 1:colcon.colcon_core.package_identification:_identify(build) ignored
[1.929s] Level 1:colcon.colcon_core.package_identification:_identify(install) by extensions ['ignore', 'ignore_ament_install']
[1.930s] Level 1:colcon.colcon_core.package_identification:_identify(install) by extension 'ignore'
[1.930s] Level 1:colcon.colcon_core.package_identification:_identify(install) ignored
[1.930s] Level 1:colcon.colcon_core.package_identification:_identify(log) by extensions ['ignore', 'ignore_ament_install']
[1.931s] Level 1:colcon.colcon_core.package_identification:_identify(log) by extension 'ignore'
[1.931s] Level 1:colcon.colcon_core.package_identification:_identify(log) ignored
[1.931s] Level 1:colcon.colcon_core.package_identification:_identify(ros2_ws) by extensions ['ignore', 'ignore_ament_install']
[1.931s] Level 1:colcon.colcon_core.package_identification:_identify(ros2_ws) by extension 'ignore'
[1.932s] Level 1:colcon.colcon_core.package_identification:_identify(ros2_ws) by extension 'ignore_ament_install'
[1.932s] Level 1:colcon.colcon_core.package_identification:_identify(ros2_ws) by extensions ['colcon_pkg']
[1.932s] Level 1:colcon.colcon_core.package_identification:_identify(ros2_ws) by extension 'colcon_pkg'
[1.932s] Level 1:colcon.colcon_core.package_identification:_identify(ros2_ws) by extensions ['colcon_meta']
[1.932s] Level 1:colcon.colcon_core.package_identification:_identify(ros2_ws) by extension 'colcon_meta'
[1.932s] Level 1:colcon.colcon_core.package_identification:_identify(ros2_ws) by extensions ['ros']
[1.932s] Level 1:colcon.colcon_core.package_identification:_identify(ros2_ws) by extension 'ros'
[1.933s] Level 1:colcon.colcon_core.package_identification:_identify(ros2_ws) by extensions ['cmake', 'python']
[1.933s] Level 1:colcon.colcon_core.package_identification:_identify(ros2_ws) by extension 'cmake'
[1.933s] Level 1:colcon.colcon_core.package_identification:_identify(ros2_ws) by extension 'python'
[1.933s] Level 1:colcon.colcon_core.package_identification:_identify(ros2_ws) by extensions ['python_setup_py']
[1.933s] Level 1:colcon.colcon_core.package_identification:_identify(ros2_ws) by extension 'python_setup_py'
[1.934s] Level 1:colcon.colcon_core.package_identification:_identify(ros2_ws/build) by extensions ['ignore', 'ignore_ament_install']
[1.934s] Level 1:colcon.colcon_core.package_identification:_identify(ros2_ws/build) by extension 'ignore'
[1.934s] Level 1:colcon.colcon_core.package_identification:_identify(ros2_ws/build) ignored
[1.935s] Level 1:colcon.colcon_core.package_identification:_identify(ros2_ws/install) by extensions ['ignore', 'ignore_ament_install']
[1.935s] Level 1:colcon.colcon_core.package_identification:_identify(ros2_ws/install) by extension 'ignore'
[1.935s] Level 1:colcon.colcon_core.package_identification:_identify(ros2_ws/install) ignored
[1.936s] Level 1:colcon.colcon_core.package_identification:_identify(ros2_ws/log) by extensions ['ignore', 'ignore_ament_install']
[1.936s] Level 1:colcon.colcon_core.package_identification:_identify(ros2_ws/log) by extension 'ignore'
[1.936s] Level 1:colcon.colcon_core.package_identification:_identify(ros2_ws/log) ignored
[1.937s] Level 1:colcon.colcon_core.package_identification:_identify(ros2_ws/src) by extensions ['ignore', 'ignore_ament_install']
[1.937s] Level 1:colcon.colcon_core.package_identification:_identify(ros2_ws/src) by extension 'ignore'
[1.937s] Level 1:colcon.colcon_core.package_identification:_identify(ros2_ws/src) by extension 'ignore_ament_install'
[1.937s] Level 1:colcon.colcon_core.package_identification:_identify(ros2_ws/src) by extensions ['colcon_pkg']
[1.938s] Level 1:colcon.colcon_core.package_identification:_identify(ros2_ws/src) by extension 'colcon_pkg'
[1.938s] Level 1:colcon.colcon_core.package_identification:_identify(ros2_ws/src) by extensions ['colcon_meta']
[1.938s] Level 1:colcon.colcon_core.package_identification:_identify(ros2_ws/src) by extension 'colcon_meta'
[1.938s] Level 1:colcon.colcon_core.package_identification:_identify(ros2_ws/src) by extensions ['ros']
[1.938s] Level 1:colcon.colcon_core.package_identification:_identify(ros2_ws/src) by extension 'ros'
[1.938s] Level 1:colcon.colcon_core.package_identification:_identify(ros2_ws/src) by extensions ['cmake', 'python']
[1.939s] Level 1:colcon.colcon_core.package_identification:_identify(ros2_ws/src) by extension 'cmake'
[1.939s] Level 1:colcon.colcon_core.package_identification:_identify(ros2_ws/src) by extension 'python'
[1.939s] Level 1:colcon.colcon_core.package_identification:_identify(ros2_ws/src) by extensions ['python_setup_py']
[1.939s] Level 1:colcon.colcon_core.package_identification:_identify(ros2_ws/src) by extension 'python_setup_py'
[1.940s] Level 1:colcon.colcon_core.package_identification:_identify(ros2_ws/src/hw1) by extensions ['ignore', 'ignore_ament_install']
[1.940s] Level 1:colcon.colcon_core.package_identification:_identify(ros2_ws/src/hw1) by extension 'ignore'
[1.940s] Level 1:colcon.colcon_core.package_identification:_identify(ros2_ws/src/hw1) by extension 'ignore_ament_install'
[1.940s] Level 1:colcon.colcon_core.package_identification:_identify(ros2_ws/src/hw1) by extensions ['colcon_pkg']
[1.940s] Level 1:colcon.colcon_core.package_identification:_identify(ros2_ws/src/hw1) by extension 'colcon_pkg'
[1.941s] Level 1:colcon.colcon_core.package_identification:_identify(ros2_ws/src/hw1) by extensions ['colcon_meta']
[1.941s] Level 1:colcon.colcon_core.package_identification:_identify(ros2_ws/src/hw1) by extension 'colcon_meta'
[1.941s] Level 1:colcon.colcon_core.package_identification:_identify(ros2_ws/src/hw1) by extensions ['ros']
[1.941s] Level 1:colcon.colcon_core.package_identification:_identify(ros2_ws/src/hw1) by extension 'ros'
[1.949s] DEBUG:colcon.colcon_core.package_identification:Package 'ros2_ws/src/hw1' with type 'ros.ament_python' and name 'hw1'
[1.950s] Level 1:colcon.colcon_core.package_discovery:discover_packages(recursive) using defaults
[1.950s] Level 1:colcon.colcon_core.package_discovery:discover_packages(ignore) discover
[1.950s] Level 1:colcon.colcon_core.package_discovery:discover_packages(ignore) using defaults
[1.950s] Level 1:colcon.colcon_core.package_discovery:discover_packages(path) discover
[1.950s] Level 1:colcon.colcon_core.package_discovery:discover_packages(path) using defaults
[2.031s] Level 1:colcon.colcon_core.package_discovery:discover_packages(prefix_path) check parameters
[2.031s] Level 1:colcon.colcon_core.package_discovery:discover_packages(prefix_path) discover
[2.040s] DEBUG:colcon.colcon_installed_package_information.package_discovery:Found 1 installed packages in /home/dylan/ros/Homework1-CS560-DylanBrearley/ros2_ws/install
[2.049s] DEBUG:colcon.colcon_installed_package_information.package_discovery:Found 295 installed packages in /opt/ros/humble
[2.097s] Level 1:colcon.colcon_core.package_discovery:discover_packages(prefix_path) using defaults
[2.277s] Level 5:colcon.colcon_core.verb:set package 'hw1' build argument 'cmake_args' from command line to 'None'
[2.278s] Level 5:colcon.colcon_core.verb:set package 'hw1' build argument 'cmake_target' from command line to 'None'
[2.278s] Level 5:colcon.colcon_core.verb:set package 'hw1' build argument 'cmake_target_skip_unavailable' from command line to 'False'
[2.278s] Level 5:colcon.colcon_core.verb:set package 'hw1' build argument 'cmake_clean_cache' from command line to 'False'
[2.278s] Level 5:colcon.colcon_core.verb:set package 'hw1' build argument 'cmake_clean_first' from command line to 'False'
[2.278s] Level 5:colcon.colcon_core.verb:set package 'hw1' build argument 'cmake_force_configure' from command line to 'False'
[2.278s] Level 5:colcon.colcon_core.verb:set package 'hw1' build argument 'ament_cmake_args' from command line to 'None'
[2.279s] Level 5:colcon.colcon_core.verb:set package 'hw1' build argument 'catkin_cmake_args' from command line to 'None'
[2.279s] Level 5:colcon.colcon_core.verb:set package 'hw1' build argument 'catkin_skip_building_tests' from command line to 'False'
[2.279s] DEBUG:colcon.colcon_core.verb:Building package 'hw1' with the following arguments: {'ament_cmake_args': None, 'build_base': '/home/dylan/ros/Homework1-CS560-DylanBrearley/build/hw1', 'catkin_cmake_args': None, 'catkin_skip_building_tests': False, 'cmake_args': None, 'cmake_clean_cache': False, 'cmake_clean_first': False, 'cmake_force_configure': False, 'cmake_target': None, 'cmake_target_skip_unavailable': False, 'install_base': '/home/dylan/ros/Homework1-CS560-DylanBrearley/install/hw1', 'merge_install': False, 'path': '/home/dylan/ros/Homework1-CS560-DylanBrearley/ros2_ws/src/hw1', 'symlink_install': True, 'test_result_base': None}
[2.280s] INFO:colcon.colcon_core.executor:Executing jobs using 'parallel' executor
[2.285s] DEBUG:colcon.colcon_parallel_executor.executor.parallel:run_until_complete
[2.286s] INFO:colcon.colcon_ros.task.ament_python.build:Building ROS package in '/home/dylan/ros/Homework1-CS560-DylanBrearley/ros2_ws/src/hw1' with build type 'ament_python'
[2.288s] Level 1:colcon.colcon_core.shell:create_environment_hook('hw1', 'ament_prefix_path')
[2.299s] INFO:colcon.colcon_core.plugin_system:Skipping extension 'colcon_core.shell.bat': Not used on non-Windows systems
[2.300s] INFO:colcon.colcon_core.shell:Creating environment hook '/home/dylan/ros/Homework1-CS560-DylanBrearley/install/hw1/share/hw1/hook/ament_prefix_path.ps1'
[2.303s] INFO:colcon.colcon_core.shell:Creating environment descriptor '/home/dylan/ros/Homework1-CS560-DylanBrearley/install/hw1/share/hw1/hook/ament_prefix_path.dsv'
[2.306s] INFO:colcon.colcon_core.shell:Creating environment hook '/home/dylan/ros/Homework1-CS560-DylanBrearley/install/hw1/share/hw1/hook/ament_prefix_path.sh'
[2.312s] INFO:colcon.colcon_core.shell:Skip shell extension 'powershell' for command environment: Not usable outside of PowerShell
[2.313s] DEBUG:colcon.colcon_core.shell:Skip shell extension 'dsv' for command environment
[3.674s] INFO:colcon.colcon_core.task.python.build:Building Python package in '/home/dylan/ros/Homework1-CS560-DylanBrearley/ros2_ws/src/hw1'
[3.676s] INFO:colcon.colcon_core.shell:Skip shell extension 'powershell' for command environment: Not usable outside of PowerShell
[3.676s] DEBUG:colcon.colcon_core.shell:Skip shell extension 'dsv' for command environment
[5.402s] DEBUG:colcon.colcon_core.event_handler.log_command:Invoking command in '/home/dylan/ros/Homework1-CS560-DylanBrearley/build/hw1': PYTHONPATH=/home/dylan/ros/Homework1-CS560-DylanBrearley/build/hw1/prefix_override:/usr/lib/python3/dist-packages/colcon_core/task/python/colcon_distutils_commands:/home/dylan/ros/Homework1-CS560-DylanBrearley/install/hw1/lib/python3.10/site-packages:${PYTHONPATH} /usr/bin/python3 -W ignore:setup.py install is deprecated -W ignore:easy_install command is deprecated setup.py develop --editable --build-directory /home/dylan/ros/Homework1-CS560-DylanBrearley/build/hw1/build --no-deps symlink_data
[8.278s] Level 1:colcon.colcon_core.shell:create_environment_hook('hw1', 'pythonpath_develop')
[8.280s] INFO:colcon.colcon_core.shell:Creating environment hook '/home/dylan/ros/Homework1-CS560-DylanBrearley/build/hw1/share/hw1/hook/pythonpath_develop.ps1'
[8.285s] DEBUG:colcon.colcon_core.event_handler.log_command:Invoked command in '/home/dylan/ros/Homework1-CS560-DylanBrearley/build/hw1' returned '0': PYTHONPATH=/home/dylan/ros/Homework1-CS560-DylanBrearley/build/hw1/prefix_override:/usr/lib/python3/dist-packages/colcon_core/task/python/colcon_distutils_commands:/home/dylan/ros/Homework1-CS560-DylanBrearley/install/hw1/lib/python3.10/site-packages:${PYTHONPATH} /usr/bin/python3 -W ignore:setup.py install is deprecated -W ignore:easy_install command is deprecated setup.py develop --editable --build-directory /home/dylan/ros/Homework1-CS560-DylanBrearley/build/hw1/build --no-deps symlink_data
[8.290s] INFO:colcon.colcon_core.shell:Creating environment descriptor '/home/dylan/ros/Homework1-CS560-DylanBrearley/build/hw1/share/hw1/hook/pythonpath_develop.dsv'
[8.293s] INFO:colcon.colcon_core.shell:Creating environment hook '/home/dylan/ros/Homework1-CS560-DylanBrearley/build/hw1/share/hw1/hook/pythonpath_develop.sh'
[8.322s] Level 1:colcon.colcon_core.environment:checking '/home/dylan/ros/Homework1-CS560-DylanBrearley/install/hw1' for CMake module files
[8.326s] Level 1:colcon.colcon_core.environment:checking '/home/dylan/ros/Homework1-CS560-DylanBrearley/install/hw1' for CMake config files
[8.332s] Level 1:colcon.colcon_core.environment:checking '/home/dylan/ros/Homework1-CS560-DylanBrearley/install/hw1/lib'
[8.334s] Level 1:colcon.colcon_core.environment:checking '/home/dylan/ros/Homework1-CS560-DylanBrearley/install/hw1/bin'
[8.335s] Level 1:colcon.colcon_core.environment:checking '/home/dylan/ros/Homework1-CS560-DylanBrearley/install/hw1/lib/pkgconfig/hw1.pc'
[8.338s] Level 1:colcon.colcon_core.environment:checking '/home/dylan/ros/Homework1-CS560-DylanBrearley/install/hw1/lib/python3.10/site-packages'
[8.338s] Level 1:colcon.colcon_core.shell:create_environment_hook('hw1', 'pythonpath')
[8.340s] INFO:colcon.colcon_core.shell:Creating environment hook '/home/dylan/ros/Homework1-CS560-DylanBrearley/install/hw1/share/hw1/hook/pythonpath.ps1'
[8.347s] INFO:colcon.colcon_core.shell:Creating environment descriptor '/home/dylan/ros/Homework1-CS560-DylanBrearley/install/hw1/share/hw1/hook/pythonpath.dsv'
[8.351s] INFO:colcon.colcon_core.shell:Creating environment hook '/home/dylan/ros/Homework1-CS560-DylanBrearley/install/hw1/share/hw1/hook/pythonpath.sh'
[8.357s] Level 1:colcon.colcon_core.environment:checking '/home/dylan/ros/Homework1-CS560-DylanBrearley/install/hw1/bin'
[8.359s] Level 1:colcon.colcon_core.environment:create_environment_scripts_only(hw1)
[8.361s] INFO:colcon.colcon_core.shell:Creating package script '/home/dylan/ros/Homework1-CS560-DylanBrearley/install/hw1/share/hw1/package.ps1'
[8.368s] INFO:colcon.colcon_core.shell:Creating package descriptor '/home/dylan/ros/Homework1-CS560-DylanBrearley/install/hw1/share/hw1/package.dsv'
[8.373s] INFO:colcon.colcon_core.shell:Creating package script '/home/dylan/ros/Homework1-CS560-DylanBrearley/install/hw1/share/hw1/package.sh'
[8.380s] INFO:colcon.colcon_core.shell:Creating package script '/home/dylan/ros/Homework1-CS560-DylanBrearley/install/hw1/share/hw1/package.bash'
[8.386s] INFO:colcon.colcon_core.shell:Creating package script '/home/dylan/ros/Homework1-CS560-DylanBrearley/install/hw1/share/hw1/package.zsh'
[8.390s] Level 1:colcon.colcon_core.environment:create_file_with_runtime_dependencies(/home/dylan/ros/Homework1-CS560-DylanBrearley/install/hw1/share/colcon-core/packages/hw1)
[8.392s] DEBUG:colcon.colcon_parallel_executor.executor.parallel:closing loop
[8.394s] DEBUG:colcon.colcon_parallel_executor.executor.parallel:loop closed
[8.396s] DEBUG:colcon.colcon_parallel_executor.executor.parallel:run_until_complete finished with '0'
[8.396s] DEBUG:colcon.colcon_core.event_reactor:joining thread
[8.441s] INFO:colcon.colcon_core.plugin_system:Skipping extension 'colcon_notification.desktop_notification.terminal_notifier': Not used on non-Darwin systems
[8.442s] INFO:colcon.colcon_core.plugin_system:Skipping extension 'colcon_notification.desktop_notification.win32': Not used on non-Windows systems
[8.442s] INFO:colcon.colcon_notification.desktop_notification:Sending desktop notification using 'notify2'
[8.515s] DEBUG:colcon.colcon_core.event_reactor:joined thread
[8.517s] INFO:colcon.colcon_core.shell:Creating prefix script '/home/dylan/ros/Homework1-CS560-DylanBrearley/install/local_setup.ps1'
[8.522s] INFO:colcon.colcon_core.shell:Creating prefix util module '/home/dylan/ros/Homework1-CS560-DylanBrearley/install/_local_setup_util_ps1.py'
[8.532s] INFO:colcon.colcon_core.shell:Creating prefix chain script '/home/dylan/ros/Homework1-CS560-DylanBrearley/install/setup.ps1'
[8.540s] INFO:colcon.colcon_core.shell:Creating prefix script '/home/dylan/ros/Homework1-CS560-DylanBrearley/install/local_setup.sh'
[8.544s] INFO:colcon.colcon_core.shell:Creating prefix util module '/home/dylan/ros/Homework1-CS560-DylanBrearley/install/_local_setup_util_sh.py'
[8.548s] INFO:colcon.colcon_core.shell:Creating prefix chain script '/home/dylan/ros/Homework1-CS560-DylanBrearley/install/setup.sh'
[8.555s] INFO:colcon.colcon_core.shell:Creating prefix script '/home/dylan/ros/Homework1-CS560-DylanBrearley/install/local_setup.bash'
[8.560s] INFO:colcon.colcon_core.shell:Creating prefix chain script '/home/dylan/ros/Homework1-CS560-DylanBrearley/install/setup.bash'
[8.567s] INFO:colcon.colcon_core.shell:Creating prefix script '/home/dylan/ros/Homework1-CS560-DylanBrearley/install/local_setup.zsh'
[8.570s] INFO:colcon.colcon_core.shell:Creating prefix chain script '/home/dylan/ros/Homework1-CS560-DylanBrearley/install/setup.zsh'
