[2.767s] Invoking command in '/home/dylan/ros/Homework1-CS560-DylanBrearley/build/hw1': PYTHONPATH=/home/dylan/ros/Homework1-CS560-DylanBrearley/build/hw1/prefix_override:/usr/lib/python3/dist-packages/colcon_core/task/python/colcon_distutils_commands:/home/dylan/ros/Homework1-CS560-DylanBrearley/install/hw1/lib/python3.10/site-packages:${PYTHONPATH} /usr/bin/python3 -W ignore:setup.py install is deprecated -W ignore:easy_install command is deprecated setup.py develop --editable --build-directory /home/dylan/ros/Homework1-CS560-DylanBrearley/build/hw1/build --no-deps symlink_data
[3.964s] running develop
[4.765s] running egg_info
[4.765s] writing hw1.egg-info/PKG-INFO
[4.766s] writing dependency_links to hw1.egg-info/dependency_links.txt
[4.767s] writing entry points to hw1.egg-info/entry_points.txt
[4.768s] writing requirements to hw1.egg-info/requires.txt
[4.769s] writing top-level names to hw1.egg-info/top_level.txt
[4.777s] reading manifest file 'hw1.egg-info/SOURCES.txt'
[4.780s] writing manifest file 'hw1.egg-info/SOURCES.txt'
[4.786s] running build_ext
[4.786s] Creating /home/dylan/ros/Homework1-CS560-DylanBrearley/install/hw1/lib/python3.10/site-packages/hw1.egg-link (link to .)
[4.790s] Installing circle script to /home/dylan/ros/Homework1-CS560-DylanBrearley/install/hw1/lib/hw1
[4.791s] Installing diamond script to /home/dylan/ros/Homework1-CS560-DylanBrearley/install/hw1/lib/hw1
[4.792s] Installing random script to /home/dylan/ros/Homework1-CS560-DylanBrearley/install/hw1/lib/hw1
[4.793s] Installing rectangle script to /home/dylan/ros/Homework1-CS560-DylanBrearley/install/hw1/lib/hw1
[4.794s] 
[4.794s] Installed /home/dylan/ros/Homework1-CS560-DylanBrearley/build/hw1
[4.795s] running symlink_data
[4.932s] Invoked command in '/home/dylan/ros/Homework1-CS560-DylanBrearley/build/hw1' returned '0': PYTHONPATH=/home/dylan/ros/Homework1-CS560-DylanBrearley/build/hw1/prefix_override:/usr/lib/python3/dist-packages/colcon_core/task/python/colcon_distutils_commands:/home/dylan/ros/Homework1-CS560-DylanBrearley/install/hw1/lib/python3.10/site-packages:${PYTHONPATH} /usr/bin/python3 -W ignore:setup.py install is deprecated -W ignore:easy_install command is deprecated setup.py develop --editable --build-directory /home/dylan/ros/Homework1-CS560-DylanBrearley/build/hw1/build --no-deps symlink_data
