[3.410s] Invoking command in '/home/dylan/ros/Homework1-CS560-DylanBrearley/build/hw1': PYTHONPATH=/home/dylan/ros/Homework1-CS560-DylanBrearley/build/hw1/prefix_override:/usr/lib/python3/dist-packages/colcon_core/task/python/colcon_distutils_commands:/home/dylan/ros/Homework1-CS560-DylanBrearley/install/hw1/lib/python3.10/site-packages:${PYTHONPATH} /usr/bin/python3 -W ignore:setup.py install is deprecated -W ignore:easy_install command is deprecated setup.py develop --editable --build-directory /home/dylan/ros/Homework1-CS560-DylanBrearley/build/hw1/build --no-deps symlink_data
[4.859s] running develop
[5.669s] running egg_info
[5.670s] writing hw1.egg-info/PKG-INFO
[5.671s] writing dependency_links to hw1.egg-info/dependency_links.txt
[5.672s] writing entry points to hw1.egg-info/entry_points.txt
[5.673s] writing requirements to hw1.egg-info/requires.txt
[5.673s] writing top-level names to hw1.egg-info/top_level.txt
[5.682s] reading manifest file 'hw1.egg-info/SOURCES.txt'
[5.686s] writing manifest file 'hw1.egg-info/SOURCES.txt'
[5.692s] running build_ext
[5.693s] Creating /home/dylan/ros/Homework1-CS560-DylanBrearley/install/hw1/lib/python3.10/site-packages/hw1.egg-link (link to .)
[5.698s] Installing circle script to /home/dylan/ros/Homework1-CS560-DylanBrearley/install/hw1/lib/hw1
[5.700s] Installing diamond script to /home/dylan/ros/Homework1-CS560-DylanBrearley/install/hw1/lib/hw1
[5.700s] Installing random script to /home/dylan/ros/Homework1-CS560-DylanBrearley/install/hw1/lib/hw1
[5.701s] Installing rectangle script to /home/dylan/ros/Homework1-CS560-DylanBrearley/install/hw1/lib/hw1
[5.702s] 
[5.703s] Installed /home/dylan/ros/Homework1-CS560-DylanBrearley/build/hw1
[5.703s] running symlink_data
[5.876s] Invoked command in '/home/dylan/ros/Homework1-CS560-DylanBrearley/build/hw1' returned '0': PYTHONPATH=/home/dylan/ros/Homework1-CS560-DylanBrearley/build/hw1/prefix_override:/usr/lib/python3/dist-packages/colcon_core/task/python/colcon_distutils_commands:/home/dylan/ros/Homework1-CS560-DylanBrearley/install/hw1/lib/python3.10/site-packages:${PYTHONPATH} /usr/bin/python3 -W ignore:setup.py install is deprecated -W ignore:easy_install command is deprecated setup.py develop --editable --build-directory /home/dylan/ros/Homework1-CS560-DylanBrearley/build/hw1/build --no-deps symlink_data
