[3.273s] Invoking command in '/home/dylan/ros/Homework1-CS560-DylanBrearley/ros2_ws/build/hw1': PYTHONPATH=/home/dylan/ros/Homework1-CS560-DylanBrearley/ros2_ws/build/hw1/prefix_override:/usr/lib/python3/dist-packages/colcon_core/task/python/colcon_distutils_commands:/home/dylan/ros/Homework1-CS560-DylanBrearley/ros2_ws/install/hw1/lib/python3.10/site-packages:${PYTHONPATH} /usr/bin/python3 -W ignore:setup.py install is deprecated -W ignore:easy_install command is deprecated setup.py develop --editable --build-directory /home/dylan/ros/Homework1-CS560-DylanBrearley/ros2_ws/build/hw1/build --no-deps symlink_data
[4.845s] running develop
[6.810s] running egg_info
[6.810s] writing hw1.egg-info/PKG-INFO
[6.812s] writing dependency_links to hw1.egg-info/dependency_links.txt
[6.813s] writing entry points to hw1.egg-info/entry_points.txt
[6.814s] writing requirements to hw1.egg-info/requires.txt
[6.815s] writing top-level names to hw1.egg-info/top_level.txt
[6.829s] reading manifest file 'hw1.egg-info/SOURCES.txt'
[6.835s] writing manifest file 'hw1.egg-info/SOURCES.txt'
[6.841s] running build_ext
[6.842s] Creating /home/dylan/ros/Homework1-CS560-DylanBrearley/ros2_ws/install/hw1/lib/python3.10/site-packages/hw1.egg-link (link to .)
[6.846s] Installing circle script to /home/dylan/ros/Homework1-CS560-DylanBrearley/ros2_ws/install/hw1/lib/hw1
[6.847s] Installing diamond script to /home/dylan/ros/Homework1-CS560-DylanBrearley/ros2_ws/install/hw1/lib/hw1
[6.848s] Installing random script to /home/dylan/ros/Homework1-CS560-DylanBrearley/ros2_ws/install/hw1/lib/hw1
[6.849s] Installing rectangle script to /home/dylan/ros/Homework1-CS560-DylanBrearley/ros2_ws/install/hw1/lib/hw1
[6.851s] 
[6.851s] Installed /home/dylan/ros/Homework1-CS560-DylanBrearley/ros2_ws/build/hw1
[6.851s] running symlink_data
[6.994s] Invoked command in '/home/dylan/ros/Homework1-CS560-DylanBrearley/ros2_ws/build/hw1' returned '0': PYTHONPATH=/home/dylan/ros/Homework1-CS560-DylanBrearley/ros2_ws/build/hw1/prefix_override:/usr/lib/python3/dist-packages/colcon_core/task/python/colcon_distutils_commands:/home/dylan/ros/Homework1-CS560-DylanBrearley/ros2_ws/install/hw1/lib/python3.10/site-packages:${PYTHONPATH} /usr/bin/python3 -W ignore:setup.py install is deprecated -W ignore:easy_install command is deprecated setup.py develop --editable --build-directory /home/dylan/ros/Homework1-CS560-DylanBrearley/ros2_ws/build/hw1/build --no-deps symlink_data
