[0.454s] DEBUG:colcon:Command line arguments: ['/usr/bin/colcon', 'build', '--packages-select', 'hw1', '--symlink-install']
[0.454s] DEBUG:colcon:Parsed command line arguments: Namespace(log_base=None, log_level=None, verb_name='build', build_base='build', install_base='install', merge_install=False, symlink_install=True, test_result_base=None, continue_on_error=False, executor='parallel', parallel_workers=4, event_handlers=None, ignore_user_meta=False, metas=['./colcon.meta'], base_paths=['.'], packages_ignore=None, packages_ignore_regex=None, paths=None, packages_up_to=None, packages_up_to_regex=None, packages_above=None, packages_above_and_dependencies=None, packages_above_depth=None, packages_select_by_dep=None, packages_skip_by_dep=None, packages_skip_up_to=None, packages_select_build_failed=False, packages_skip_build_finished=False, packages_select_test_failures=False, packages_skip_test_passed=False, packages_select=['hw1'], packages_skip=None, packages_select_regex=None, packages_skip_regex=None, packages_start=None, packages_end=None, allow_overriding=[], cmake_args=None, cmake_target=None, cmake_target_skip_unavailable=False, cmake_clean_cache=False, cmake_clean_first=False, cmake_force_configure=False, ament_cmake_args=None, catkin_cmake_args=None, catkin_skip_building_tests=False, verb_parser=<colcon_defaults.argument_parser.defaults.DefaultArgumentsDecorator object at 0xffff9a457b20>, verb_extension=<colcon_core.verb.build.BuildVerb object at 0xffff9a638eb0>, main=<bound method BuildVerb.main of <colcon_core.verb.build.BuildVerb object at 0xffff9a638eb0>>)
[1.278s] Level 1:colcon.colcon_core.package_discovery:discover_packages(colcon_meta) check parameters
[1.278s] Level 1:colcon.colcon_core.package_discovery:discover_packages(recursive) check parameters
[1.278s] Level 1:colcon.colcon_core.package_discovery:discover_packages(ignore) check parameters
[1.278s] Level 1:colcon.colcon_core.package_discovery:discover_packages(path) check parameters
[1.279s] Level 1:colcon.colcon_core.package_discovery:discover_packages(colcon_meta) discover
[1.279s] Level 1:colcon.colcon_core.package_discovery:discover_packages(recursive) discover
[1.279s] INFO:colcon.colcon_core.package_discovery:Crawling recursively for packages in '/home/dylan/ros/Homework1-CS560-DylanBrearley'
[1.279s] Level 1:colcon.colcon_core.package_identification:_identify(.) by extensions ['ignore', 'ignore_ament_install']
[1.280s] Level 1:colcon.colcon_core.package_identification:_identify(.) by extension 'ignore'
[1.280s] Level 1:colcon.colcon_core.package_identification:_identify(.) by extension 'ignore_ament_install'
[1.280s] Level 1:colcon.colcon_core.package_identification:_identify(.) by extensions ['colcon_pkg']
[1.280s] Level 1:colcon.colcon_core.package_identification:_identify(.) by extension 'colcon_pkg'
[1.281s] Level 1:colcon.colcon_core.package_identification:_identify(.) by extensions ['colcon_meta']
[1.281s] Level 1:colcon.colcon_core.package_identification:_identify(.) by extension 'colcon_meta'
[1.281s] Level 1:colcon.colcon_core.package_identification:_identify(.) by extensions ['ros']
[1.281s] Level 1:colcon.colcon_core.package_identification:_identify(.) by extension 'ros'
[1.331s] Level 1:colcon.colcon_core.package_identification:_identify(.) by extensions ['cmake', 'python']
[1.331s] Level 1:colcon.colcon_core.package_identification:_identify(.) by extension 'cmake'
[1.331s] Level 1:colcon.colcon_core.package_identification:_identify(.) by extension 'python'
[1.331s] Level 1:colcon.colcon_core.package_identification:_identify(.) by extensions ['python_setup_py']
[1.332s] Level 1:colcon.colcon_core.package_identification:_identify(.) by extension 'python_setup_py'
[1.332s] Level 1:colcon.colcon_core.package_identification:_identify(build) by extensions ['ignore', 'ignore_ament_install']
[1.332s] Level 1:colcon.colcon_core.package_identification:_identify(build) by extension 'ignore'
[1.333s] Level 1:colcon.colcon_core.package_identification:_identify(build) ignored
[1.333s] Level 1:colcon.colcon_core.package_identification:_identify(install) by extensions ['ignore', 'ignore_ament_install']
[1.334s] Level 1:colcon.colcon_core.package_identification:_identify(install) by extension 'ignore'
[1.334s] Level 1:colcon.colcon_core.package_identification:_identify(install) ignored
[1.334s] Level 1:colcon.colcon_core.package_identification:_identify(log) by extensions ['ignore', 'ignore_ament_install']
[1.335s] Level 1:colcon.colcon_core.package_identification:_identify(log) by extension 'ignore'
[1.335s] Level 1:colcon.colcon_core.package_identification:_identify(log) ignored
[1.336s] Level 1:colcon.colcon_core.package_identification:_identify(ros2_ws) by extensions ['ignore', 'ignore_ament_install']
[1.336s] Level 1:colcon.colcon_core.package_identification:_identify(ros2_ws) by extension 'ignore'
[1.336s] Level 1:colcon.colcon_core.package_identification:_identify(ros2_ws) by extension 'ignore_ament_install'
[1.336s] Level 1:colcon.colcon_core.package_identification:_identify(ros2_ws) by extensions ['colcon_pkg']
[1.337s] Level 1:colcon.colcon_core.package_identification:_identify(ros2_ws) by extension 'colcon_pkg'
[1.337s] Level 1:colcon.colcon_core.package_identification:_identify(ros2_ws) by extensions ['colcon_meta']
[1.337s] Level 1:colcon.colcon_core.package_identification:_identify(ros2_ws) by extension 'colcon_meta'
[1.337s] Level 1:colcon.colcon_core.package_identification:_identify(ros2_ws) by extensions ['ros']
[1.337s] Level 1:colcon.colcon_core.package_identification:_identify(ros2_ws) by extension 'ros'
[1.337s] Level 1:colcon.colcon_core.package_identification:_identify(ros2_ws) by extensions ['cmake', 'python']
[1.338s] Level 1:colcon.colcon_core.package_identification:_identify(ros2_ws) by extension 'cmake'
[1.338s] Level 1:colcon.colcon_core.package_identification:_identify(ros2_ws) by extension 'python'
[1.338s] Level 1:colcon.colcon_core.package_identification:_identify(ros2_ws) by extensions ['python_setup_py']
[1.338s] Level 1:colcon.colcon_core.package_identification:_identify(ros2_ws) by extension 'python_setup_py'
[1.339s] Level 1:colcon.colcon_core.package_identification:_identify(ros2_ws/build) by extensions ['ignore', 'ignore_ament_install']
[1.339s] Level 1:colcon.colcon_core.package_identification:_identify(ros2_ws/build) by extension 'ignore'
[1.339s] Level 1:colcon.colcon_core.package_identification:_identify(ros2_ws/build) ignored
[1.340s] Level 1:colcon.colcon_core.package_identification:_identify(ros2_ws/install) by extensions ['ignore', 'ignore_ament_install']
[1.340s] Level 1:colcon.colcon_core.package_identification:_identify(ros2_ws/install) by extension 'ignore'
[1.340s] Level 1:colcon.colcon_core.package_identification:_identify(ros2_ws/install) ignored
[1.340s] Level 1:colcon.colcon_core.package_identification:_identify(ros2_ws/log) by extensions ['ignore', 'ignore_ament_install']
[1.341s] Level 1:colcon.colcon_core.package_identification:_identify(ros2_ws/log) by extension 'ignore'
[1.341s] Level 1:colcon.colcon_core.package_identification:_identify(ros2_ws/log) ignored
[1.341s] Level 1:colcon.colcon_core.package_identification:_identify(ros2_ws/src) by extensions ['ignore', 'ignore_ament_install']
[1.342s] Level 1:colcon.colcon_core.package_identification:_identify(ros2_ws/src) by extension 'ignore'
[1.342s] Level 1:colcon.colcon_core.package_identification:_identify(ros2_ws/src) by extension 'ignore_ament_install'
[1.342s] Level 1:colcon.colcon_core.package_identification:_identify(ros2_ws/src) by extensions ['colcon_pkg']
[1.342s] Level 1:colcon.colcon_core.package_identification:_identify(ros2_ws/src) by extension 'colcon_pkg'
[1.342s] Level 1:colcon.colcon_core.package_identification:_identify(ros2_ws/src) by extensions ['colcon_meta']
[1.343s] Level 1:colcon.colcon_core.package_identification:_identify(ros2_ws/src) by extension 'colcon_meta'
[1.343s] Level 1:colcon.colcon_core.package_identification:_identify(ros2_ws/src) by extensions ['ros']
[1.343s] Level 1:colcon.colcon_core.package_identification:_identify(ros2_ws/src) by extension 'ros'
[1.343s] Level 1:colcon.colcon_core.package_identification:_identify(ros2_ws/src) by extensions ['cmake', 'python']
[1.343s] Level 1:colcon.colcon_core.package_identification:_identify(ros2_ws/src) by extension 'cmake'
[1.344s] Level 1:colcon.colcon_core.package_identification:_identify(ros2_ws/src) by extension 'python'
[1.344s] Level 1:colcon.colcon_core.package_identification:_identify(ros2_ws/src) by extensions ['python_setup_py']
[1.344s] Level 1:colcon.colcon_core.package_identification:_identify(ros2_ws/src) by extension 'python_setup_py'
[1.344s] Level 1:colcon.colcon_core.package_identification:_identify(ros2_ws/src/hw1) by extensions ['ignore', 'ignore_ament_install']
[1.345s] Level 1:colcon.colcon_core.package_identification:_identify(ros2_ws/src/hw1) by extension 'ignore'
[1.345s] Level 1:colcon.colcon_core.package_identification:_identify(ros2_ws/src/hw1) by extension 'ignore_ament_install'
[1.345s] Level 1:colcon.colcon_core.package_identification:_identify(ros2_ws/src/hw1) by extensions ['colcon_pkg']
[1.345s] Level 1:colcon.colcon_core.package_identification:_identify(ros2_ws/src/hw1) by extension 'colcon_pkg'
[1.346s] Level 1:colcon.colcon_core.package_identification:_identify(ros2_ws/src/hw1) by extensions ['colcon_meta']
[1.346s] Level 1:colcon.colcon_core.package_identification:_identify(ros2_ws/src/hw1) by extension 'colcon_meta'
[1.346s] Level 1:colcon.colcon_core.package_identification:_identify(ros2_ws/src/hw1) by extensions ['ros']
[1.346s] Level 1:colcon.colcon_core.package_identification:_identify(ros2_ws/src/hw1) by extension 'ros'
[1.355s] DEBUG:colcon.colcon_core.package_identification:Package 'ros2_ws/src/hw1' with type 'ros.ament_python' and name 'hw1'
[1.355s] Level 1:colcon.colcon_core.package_discovery:discover_packages(recursive) using defaults
[1.356s] Level 1:colcon.colcon_core.package_discovery:discover_packages(ignore) discover
[1.356s] Level 1:colcon.colcon_core.package_discovery:discover_packages(ignore) using defaults
[1.356s] Level 1:colcon.colcon_core.package_discovery:discover_packages(path) discover
[1.356s] Level 1:colcon.colcon_core.package_discovery:discover_packages(path) using defaults
[1.439s] Level 1:colcon.colcon_core.package_discovery:discover_packages(prefix_path) check parameters
[1.440s] Level 1:colcon.colcon_core.package_discovery:discover_packages(prefix_path) discover
[1.449s] DEBUG:colcon.colcon_installed_package_information.package_discovery:Found 1 installed packages in /home/dylan/ros/Homework1-CS560-DylanBrearley/ros2_ws/install
[1.459s] DEBUG:colcon.colcon_installed_package_information.package_discovery:Found 295 installed packages in /opt/ros/humble
[1.508s] Level 1:colcon.colcon_core.package_discovery:discover_packages(prefix_path) using defaults
[1.730s] Level 5:colcon.colcon_core.verb:set package 'hw1' build argument 'cmake_args' from command line to 'None'
[1.730s] Level 5:colcon.colcon_core.verb:set package 'hw1' build argument 'cmake_target' from command line to 'None'
[1.730s] Level 5:colcon.colcon_core.verb:set package 'hw1' build argument 'cmake_target_skip_unavailable' from command line to 'False'
[1.730s] Level 5:colcon.colcon_core.verb:set package 'hw1' build argument 'cmake_clean_cache' from command line to 'False'
[1.731s] Level 5:colcon.colcon_core.verb:set package 'hw1' build argument 'cmake_clean_first' from command line to 'False'
[1.731s] Level 5:colcon.colcon_core.verb:set package 'hw1' build argument 'cmake_force_configure' from command line to 'False'
[1.731s] Level 5:colcon.colcon_core.verb:set package 'hw1' build argument 'ament_cmake_args' from command line to 'None'
[1.731s] Level 5:colcon.colcon_core.verb:set package 'hw1' build argument 'catkin_cmake_args' from command line to 'None'
[1.731s] Level 5:colcon.colcon_core.verb:set package 'hw1' build argument 'catkin_skip_building_tests' from command line to 'False'
[1.731s] DEBUG:colcon.colcon_core.verb:Building package 'hw1' with the following arguments: {'ament_cmake_args': None, 'build_base': '/home/dylan/ros/Homework1-CS560-DylanBrearley/build/hw1', 'catkin_cmake_args': None, 'catkin_skip_building_tests': False, 'cmake_args': None, 'cmake_clean_cache': False, 'cmake_clean_first': False, 'cmake_force_configure': False, 'cmake_target': None, 'cmake_target_skip_unavailable': False, 'install_base': '/home/dylan/ros/Homework1-CS560-DylanBrearley/install/hw1', 'merge_install': False, 'path': '/home/dylan/ros/Homework1-CS560-DylanBrearley/ros2_ws/src/hw1', 'symlink_install': True, 'test_result_base': None}
[1.732s] INFO:colcon.colcon_core.executor:Executing jobs using 'parallel' executor
[1.736s] DEBUG:colcon.colcon_parallel_executor.executor.parallel:run_until_complete
[1.737s] INFO:colcon.colcon_ros.task.ament_python.build:Building ROS package in '/home/dylan/ros/Homework1-CS560-DylanBrearley/ros2_ws/src/hw1' with build type 'ament_python'
[1.739s] Level 1:colcon.colcon_core.shell:create_environment_hook('hw1', 'ament_prefix_path')
[1.748s] INFO:colcon.colcon_core.plugin_system:Skipping extension 'colcon_core.shell.bat': Not used on non-Windows systems
[1.749s] INFO:colcon.colcon_core.shell:Creating environment hook '/home/dylan/ros/Homework1-CS560-DylanBrearley/install/hw1/share/hw1/hook/ament_prefix_path.ps1'
[1.753s] INFO:colcon.colcon_core.shell:Creating environment descriptor '/home/dylan/ros/Homework1-CS560-DylanBrearley/install/hw1/share/hw1/hook/ament_prefix_path.dsv'
[1.758s] INFO:colcon.colcon_core.shell:Creating environment hook '/home/dylan/ros/Homework1-CS560-DylanBrearley/install/hw1/share/hw1/hook/ament_prefix_path.sh'
[1.763s] INFO:colcon.colcon_core.shell:Skip shell extension 'powershell' for command environment: Not usable outside of PowerShell
[1.765s] DEBUG:colcon.colcon_core.shell:Skip shell extension 'dsv' for command environment
[3.256s] INFO:colcon.colcon_core.task.python.build:Building Python package in '/home/dylan/ros/Homework1-CS560-DylanBrearley/ros2_ws/src/hw1'
[3.258s] INFO:colcon.colcon_core.shell:Skip shell extension 'powershell' for command environment: Not usable outside of PowerShell
[3.258s] DEBUG:colcon.colcon_core.shell:Skip shell extension 'dsv' for command environment
[5.150s] DEBUG:colcon.colcon_core.event_handler.log_command:Invoking command in '/home/dylan/ros/Homework1-CS560-DylanBrearley/build/hw1': PYTHONPATH=/home/dylan/ros/Homework1-CS560-DylanBrearley/build/hw1/prefix_override:/usr/lib/python3/dist-packages/colcon_core/task/python/colcon_distutils_commands:/home/dylan/ros/Homework1-CS560-DylanBrearley/install/hw1/lib/python3.10/site-packages:${PYTHONPATH} /usr/bin/python3 -W ignore:setup.py install is deprecated -W ignore:easy_install command is deprecated setup.py develop --editable --build-directory /home/dylan/ros/Homework1-CS560-DylanBrearley/build/hw1/build --no-deps symlink_data
[7.612s] Level 1:colcon.colcon_core.shell:create_environment_hook('hw1', 'pythonpath_develop')
[7.614s] INFO:colcon.colcon_core.shell:Creating environment hook '/home/dylan/ros/Homework1-CS560-DylanBrearley/build/hw1/share/hw1/hook/pythonpath_develop.ps1'
[7.615s] DEBUG:colcon.colcon_core.event_handler.log_command:Invoked command in '/home/dylan/ros/Homework1-CS560-DylanBrearley/build/hw1' returned '0': PYTHONPATH=/home/dylan/ros/Homework1-CS560-DylanBrearley/build/hw1/prefix_override:/usr/lib/python3/dist-packages/colcon_core/task/python/colcon_distutils_commands:/home/dylan/ros/Homework1-CS560-DylanBrearley/install/hw1/lib/python3.10/site-packages:${PYTHONPATH} /usr/bin/python3 -W ignore:setup.py install is deprecated -W ignore:easy_install command is deprecated setup.py develop --editable --build-directory /home/dylan/ros/Homework1-CS560-DylanBrearley/build/hw1/build --no-deps symlink_data
[7.617s] INFO:colcon.colcon_core.shell:Creating environment descriptor '/home/dylan/ros/Homework1-CS560-DylanBrearley/build/hw1/share/hw1/hook/pythonpath_develop.dsv'
[7.620s] INFO:colcon.colcon_core.shell:Creating environment hook '/home/dylan/ros/Homework1-CS560-DylanBrearley/build/hw1/share/hw1/hook/pythonpath_develop.sh'
[7.638s] Level 1:colcon.colcon_core.environment:checking '/home/dylan/ros/Homework1-CS560-DylanBrearley/install/hw1' for CMake module files
[7.641s] Level 1:colcon.colcon_core.environment:checking '/home/dylan/ros/Homework1-CS560-DylanBrearley/install/hw1' for CMake config files
[7.645s] Level 1:colcon.colcon_core.environment:checking '/home/dylan/ros/Homework1-CS560-DylanBrearley/install/hw1/lib'
[7.646s] Level 1:colcon.colcon_core.environment:checking '/home/dylan/ros/Homework1-CS560-DylanBrearley/install/hw1/bin'
[7.646s] Level 1:colcon.colcon_core.environment:checking '/home/dylan/ros/Homework1-CS560-DylanBrearley/install/hw1/lib/pkgconfig/hw1.pc'
[7.647s] Level 1:colcon.colcon_core.environment:checking '/home/dylan/ros/Homework1-CS560-DylanBrearley/install/hw1/lib/python3.10/site-packages'
[7.648s] Level 1:colcon.colcon_core.shell:create_environment_hook('hw1', 'pythonpath')
[7.649s] INFO:colcon.colcon_core.shell:Creating environment hook '/home/dylan/ros/Homework1-CS560-DylanBrearley/install/hw1/share/hw1/hook/pythonpath.ps1'
[7.651s] INFO:colcon.colcon_core.shell:Creating environment descriptor '/home/dylan/ros/Homework1-CS560-DylanBrearley/install/hw1/share/hw1/hook/pythonpath.dsv'
[7.653s] INFO:colcon.colcon_core.shell:Creating environment hook '/home/dylan/ros/Homework1-CS560-DylanBrearley/install/hw1/share/hw1/hook/pythonpath.sh'
[7.656s] Level 1:colcon.colcon_core.environment:checking '/home/dylan/ros/Homework1-CS560-DylanBrearley/install/hw1/bin'
[7.657s] Level 1:colcon.colcon_core.environment:create_environment_scripts_only(hw1)
[7.658s] INFO:colcon.colcon_core.shell:Creating package script '/home/dylan/ros/Homework1-CS560-DylanBrearley/install/hw1/share/hw1/package.ps1'
[7.663s] INFO:colcon.colcon_core.shell:Creating package descriptor '/home/dylan/ros/Homework1-CS560-DylanBrearley/install/hw1/share/hw1/package.dsv'
[7.666s] INFO:colcon.colcon_core.shell:Creating package script '/home/dylan/ros/Homework1-CS560-DylanBrearley/install/hw1/share/hw1/package.sh'
[7.670s] INFO:colcon.colcon_core.shell:Creating package script '/home/dylan/ros/Homework1-CS560-DylanBrearley/install/hw1/share/hw1/package.bash'
[7.674s] INFO:colcon.colcon_core.shell:Creating package script '/home/dylan/ros/Homework1-CS560-DylanBrearley/install/hw1/share/hw1/package.zsh'
[7.678s] Level 1:colcon.colcon_core.environment:create_file_with_runtime_dependencies(/home/dylan/ros/Homework1-CS560-DylanBrearley/install/hw1/share/colcon-core/packages/hw1)
[7.680s] DEBUG:colcon.colcon_parallel_executor.executor.parallel:closing loop
[7.681s] DEBUG:colcon.colcon_parallel_executor.executor.parallel:loop closed
[7.681s] DEBUG:colcon.colcon_parallel_executor.executor.parallel:run_until_complete finished with '0'
[7.682s] DEBUG:colcon.colcon_core.event_reactor:joining thread
[7.717s] INFO:colcon.colcon_core.plugin_system:Skipping extension 'colcon_notification.desktop_notification.terminal_notifier': Not used on non-Darwin systems
[7.718s] INFO:colcon.colcon_core.plugin_system:Skipping extension 'colcon_notification.desktop_notification.win32': Not used on non-Windows systems
[7.718s] INFO:colcon.colcon_notification.desktop_notification:Sending desktop notification using 'notify2'
[7.774s] DEBUG:colcon.colcon_core.event_reactor:joined thread
[7.775s] INFO:colcon.colcon_core.shell:Creating prefix script '/home/dylan/ros/Homework1-CS560-DylanBrearley/install/local_setup.ps1'
[7.780s] INFO:colcon.colcon_core.shell:Creating prefix util module '/home/dylan/ros/Homework1-CS560-DylanBrearley/install/_local_setup_util_ps1.py'
[7.790s] INFO:colcon.colcon_core.shell:Creating prefix chain script '/home/dylan/ros/Homework1-CS560-DylanBrearley/install/setup.ps1'
[7.800s] INFO:colcon.colcon_core.shell:Creating prefix script '/home/dylan/ros/Homework1-CS560-DylanBrearley/install/local_setup.sh'
[7.804s] INFO:colcon.colcon_core.shell:Creating prefix util module '/home/dylan/ros/Homework1-CS560-DylanBrearley/install/_local_setup_util_sh.py'
[7.809s] INFO:colcon.colcon_core.shell:Creating prefix chain script '/home/dylan/ros/Homework1-CS560-DylanBrearley/install/setup.sh'
[7.815s] INFO:colcon.colcon_core.shell:Creating prefix script '/home/dylan/ros/Homework1-CS560-DylanBrearley/install/local_setup.bash'
[7.819s] INFO:colcon.colcon_core.shell:Creating prefix chain script '/home/dylan/ros/Homework1-CS560-DylanBrearley/install/setup.bash'
[7.827s] INFO:colcon.colcon_core.shell:Creating prefix script '/home/dylan/ros/Homework1-CS560-DylanBrearley/install/local_setup.zsh'
[7.830s] INFO:colcon.colcon_core.shell:Creating prefix chain script '/home/dylan/ros/Homework1-CS560-DylanBrearley/install/setup.zsh'
