[3.117s] Invoking command in '/home/dylan/ros/Homework1-CS560-DylanBrearley/ros2_ws/build/hw1': PYTHONPATH=/home/dylan/ros/Homework1-CS560-DylanBrearley/ros2_ws/build/hw1/prefix_override:/usr/lib/python3/dist-packages/colcon_core/task/python/colcon_distutils_commands:/home/dylan/ros/Homework1-CS560-DylanBrearley/ros2_ws/install/hw1/lib/python3.10/site-packages:${PYTHONPATH} /usr/bin/python3 -W ignore:setup.py install is deprecated -W ignore:easy_install command is deprecated setup.py develop --editable --build-directory /home/dylan/ros/Homework1-CS560-DylanBrearley/ros2_ws/build/hw1/build --no-deps symlink_data
[4.382s] running develop
[5.189s] running egg_info
[5.190s] creating hw1.egg-info
[5.190s] writing hw1.egg-info/PKG-INFO
[5.191s] writing dependency_links to hw1.egg-info/dependency_links.txt
[5.192s] writing entry points to hw1.egg-info/entry_points.txt
[5.193s] writing requirements to hw1.egg-info/requires.txt
[5.193s] writing top-level names to hw1.egg-info/top_level.txt
[5.194s] writing manifest file 'hw1.egg-info/SOURCES.txt'
[5.201s] reading manifest file 'hw1.egg-info/SOURCES.txt'
[5.204s] writing manifest file 'hw1.egg-info/SOURCES.txt'
[5.210s] running build_ext
[5.210s] Creating /home/dylan/ros/Homework1-CS560-DylanBrearley/ros2_ws/install/hw1/lib/python3.10/site-packages/hw1.egg-link (link to .)
[5.214s] Installing circle script to /home/dylan/ros/Homework1-CS560-DylanBrearley/ros2_ws/install/hw1/lib/hw1
[5.214s] Installing diamond script to /home/dylan/ros/Homework1-CS560-DylanBrearley/ros2_ws/install/hw1/lib/hw1
[5.215s] Installing random script to /home/dylan/ros/Homework1-CS560-DylanBrearley/ros2_ws/install/hw1/lib/hw1
[5.216s] Installing square script to /home/dylan/ros/Homework1-CS560-DylanBrearley/ros2_ws/install/hw1/lib/hw1
[5.217s] 
[5.218s] Installed /home/dylan/ros/Homework1-CS560-DylanBrearley/ros2_ws/build/hw1
[5.218s] running symlink_data
[5.218s] creating /home/dylan/ros/Homework1-CS560-DylanBrearley/ros2_ws/install/hw1/share/ament_index
[5.219s] creating /home/dylan/ros/Homework1-CS560-DylanBrearley/ros2_ws/install/hw1/share/ament_index/resource_index
[5.219s] creating /home/dylan/ros/Homework1-CS560-DylanBrearley/ros2_ws/install/hw1/share/ament_index/resource_index/packages
[5.220s] symbolically linking /home/dylan/ros/Homework1-CS560-DylanBrearley/ros2_ws/build/hw1/resource/hw1 -> /home/dylan/ros/Homework1-CS560-DylanBrearley/ros2_ws/install/hw1/share/ament_index/resource_index/packages
[5.221s] symbolically linking /home/dylan/ros/Homework1-CS560-DylanBrearley/ros2_ws/build/hw1/package.xml -> /home/dylan/ros/Homework1-CS560-DylanBrearley/ros2_ws/install/hw1/share/hw1
[5.365s] Invoked command in '/home/dylan/ros/Homework1-CS560-DylanBrearley/ros2_ws/build/hw1' returned '0': PYTHONPATH=/home/dylan/ros/Homework1-CS560-DylanBrearley/ros2_ws/build/hw1/prefix_override:/usr/lib/python3/dist-packages/colcon_core/task/python/colcon_distutils_commands:/home/dylan/ros/Homework1-CS560-DylanBrearley/ros2_ws/install/hw1/lib/python3.10/site-packages:${PYTHONPATH} /usr/bin/python3 -W ignore:setup.py install is deprecated -W ignore:easy_install command is deprecated setup.py develop --editable --build-directory /home/dylan/ros/Homework1-CS560-DylanBrearley/ros2_ws/build/hw1/build --no-deps symlink_data
