[2.731s] Invoking command in '/home/dylan/ros/Homework1-CS560-DylanBrearley/build/hw1': PYTHONPATH=/home/dylan/ros/Homework1-CS560-DylanBrearley/build/hw1/prefix_override:/usr/lib/python3/dist-packages/colcon_core/task/python/colcon_distutils_commands:/home/dylan/ros/Homework1-CS560-DylanBrearley/install/hw1/lib/python3.10/site-packages:${PYTHONPATH} /usr/bin/python3 -W ignore:setup.py install is deprecated -W ignore:easy_install command is deprecated setup.py develop --editable --build-directory /home/dylan/ros/Homework1-CS560-DylanBrearley/build/hw1/build --no-deps symlink_data
[3.915s] running develop
[4.691s] running egg_info
[4.691s] creating hw1.egg-info
[4.692s] writing hw1.egg-info/PKG-INFO
[4.693s] writing dependency_links to hw1.egg-info/dependency_links.txt
[4.694s] writing entry points to hw1.egg-info/entry_points.txt
[4.694s] writing requirements to hw1.egg-info/requires.txt
[4.695s] writing top-level names to hw1.egg-info/top_level.txt
[4.696s] writing manifest file 'hw1.egg-info/SOURCES.txt'
[4.702s] reading manifest file 'hw1.egg-info/SOURCES.txt'
[4.705s] writing manifest file 'hw1.egg-info/SOURCES.txt'
[4.712s] running build_ext
[4.713s] Creating /home/dylan/ros/Homework1-CS560-DylanBrearley/install/hw1/lib/python3.10/site-packages/hw1.egg-link (link to .)
[4.716s] Installing circle script to /home/dylan/ros/Homework1-CS560-DylanBrearley/install/hw1/lib/hw1
[4.717s] Installing diamond script to /home/dylan/ros/Homework1-CS560-DylanBrearley/install/hw1/lib/hw1
[4.718s] Installing random script to /home/dylan/ros/Homework1-CS560-DylanBrearley/install/hw1/lib/hw1
[4.718s] Installing rectangle script to /home/dylan/ros/Homework1-CS560-DylanBrearley/install/hw1/lib/hw1
[4.720s] 
[4.720s] Installed /home/dylan/ros/Homework1-CS560-DylanBrearley/build/hw1
[4.721s] running symlink_data
[4.721s] creating /home/dylan/ros/Homework1-CS560-DylanBrearley/install/hw1/share/ament_index
[4.721s] creating /home/dylan/ros/Homework1-CS560-DylanBrearley/install/hw1/share/ament_index/resource_index
[4.722s] creating /home/dylan/ros/Homework1-CS560-DylanBrearley/install/hw1/share/ament_index/resource_index/packages
[4.723s] symbolically linking /home/dylan/ros/Homework1-CS560-DylanBrearley/build/hw1/resource/hw1 -> /home/dylan/ros/Homework1-CS560-DylanBrearley/install/hw1/share/ament_index/resource_index/packages
[4.724s] symbolically linking /home/dylan/ros/Homework1-CS560-DylanBrearley/build/hw1/package.xml -> /home/dylan/ros/Homework1-CS560-DylanBrearley/install/hw1/share/hw1
[4.860s] Invoked command in '/home/dylan/ros/Homework1-CS560-DylanBrearley/build/hw1' returned '0': PYTHONPATH=/home/dylan/ros/Homework1-CS560-DylanBrearley/build/hw1/prefix_override:/usr/lib/python3/dist-packages/colcon_core/task/python/colcon_distutils_commands:/home/dylan/ros/Homework1-CS560-DylanBrearley/install/hw1/lib/python3.10/site-packages:${PYTHONPATH} /usr/bin/python3 -W ignore:setup.py install is deprecated -W ignore:easy_install command is deprecated setup.py develop --editable --build-directory /home/dylan/ros/Homework1-CS560-DylanBrearley/build/hw1/build --no-deps symlink_data
