[0.452s] DEBUG:colcon:Command line arguments: ['/usr/bin/colcon', 'build', '--packages-select', 'hw1', '--symlink-install']
[0.452s] DEBUG:colcon:Parsed command line arguments: Namespace(log_base=None, log_level=None, verb_name='build', build_base='build', install_base='install', merge_install=False, symlink_install=True, test_result_base=None, continue_on_error=False, executor='parallel', parallel_workers=4, event_handlers=None, ignore_user_meta=False, metas=['./colcon.meta'], base_paths=['.'], packages_ignore=None, packages_ignore_regex=None, paths=None, packages_up_to=None, packages_up_to_regex=None, packages_above=None, packages_above_and_dependencies=None, packages_above_depth=None, packages_select_by_dep=None, packages_skip_by_dep=None, packages_skip_up_to=None, packages_select_build_failed=False, packages_skip_build_finished=False, packages_select_test_failures=False, packages_skip_test_passed=False, packages_select=['hw1'], packages_skip=None, packages_select_regex=None, packages_skip_regex=None, packages_start=None, packages_end=None, allow_overriding=[], cmake_args=None, cmake_target=None, cmake_target_skip_unavailable=False, cmake_clean_cache=False, cmake_clean_first=False, cmake_force_configure=False, ament_cmake_args=None, catkin_cmake_args=None, catkin_skip_building_tests=False, verb_parser=<colcon_defaults.argument_parser.defaults.DefaultArgumentsDecorator object at 0xffffb9717b20>, verb_extension=<colcon_core.verb.build.BuildVerb object at 0xffffb98f4eb0>, main=<bound method BuildVerb.main of <colcon_core.verb.build.BuildVerb object at 0xffffb98f4eb0>>)
[2.042s] Level 1:colcon.colcon_core.package_discovery:discover_packages(colcon_meta) check parameters
[2.043s] Level 1:colcon.colcon_core.package_discovery:discover_packages(recursive) check parameters
[2.044s] Level 1:colcon.colcon_core.package_discovery:discover_packages(ignore) check parameters
[2.044s] Level 1:colcon.colcon_core.package_discovery:discover_packages(path) check parameters
[2.044s] Level 1:colcon.colcon_core.package_discovery:discover_packages(colcon_meta) discover
[2.045s] Level 1:colcon.colcon_core.package_discovery:discover_packages(recursive) discover
[2.045s] INFO:colcon.colcon_core.package_discovery:Crawling recursively for packages in '/home/dylan/ros/Homework1-CS560-DylanBrearley/ros2_ws'
[2.046s] Level 1:colcon.colcon_core.package_identification:_identify(.) by extensions ['ignore', 'ignore_ament_install']
[2.047s] Level 1:colcon.colcon_core.package_identification:_identify(.) by extension 'ignore'
[2.047s] Level 1:colcon.colcon_core.package_identification:_identify(.) by extension 'ignore_ament_install'
[2.048s] Level 1:colcon.colcon_core.package_identification:_identify(.) by extensions ['colcon_pkg']
[2.049s] Level 1:colcon.colcon_core.package_identification:_identify(.) by extension 'colcon_pkg'
[2.049s] Level 1:colcon.colcon_core.package_identification:_identify(.) by extensions ['colcon_meta']
[2.050s] Level 1:colcon.colcon_core.package_identification:_identify(.) by extension 'colcon_meta'
[2.051s] Level 1:colcon.colcon_core.package_identification:_identify(.) by extensions ['ros']
[2.052s] Level 1:colcon.colcon_core.package_identification:_identify(.) by extension 'ros'
[2.161s] Level 1:colcon.colcon_core.package_identification:_identify(.) by extensions ['cmake', 'python']
[2.161s] Level 1:colcon.colcon_core.package_identification:_identify(.) by extension 'cmake'
[2.162s] Level 1:colcon.colcon_core.package_identification:_identify(.) by extension 'python'
[2.165s] Level 1:colcon.colcon_core.package_identification:_identify(.) by extensions ['python_setup_py']
[2.166s] Level 1:colcon.colcon_core.package_identification:_identify(.) by extension 'python_setup_py'
[2.168s] Level 1:colcon.colcon_core.package_identification:_identify(build) by extensions ['ignore', 'ignore_ament_install']
[2.169s] Level 1:colcon.colcon_core.package_identification:_identify(build) by extension 'ignore'
[2.171s] Level 1:colcon.colcon_core.package_identification:_identify(build) ignored
[2.174s] Level 1:colcon.colcon_core.package_identification:_identify(install) by extensions ['ignore', 'ignore_ament_install']
[2.175s] Level 1:colcon.colcon_core.package_identification:_identify(install) by extension 'ignore'
[2.176s] Level 1:colcon.colcon_core.package_identification:_identify(install) ignored
[2.178s] Level 1:colcon.colcon_core.package_identification:_identify(log) by extensions ['ignore', 'ignore_ament_install']
[2.179s] Level 1:colcon.colcon_core.package_identification:_identify(log) by extension 'ignore'
[2.181s] Level 1:colcon.colcon_core.package_identification:_identify(log) ignored
[2.182s] Level 1:colcon.colcon_core.package_identification:_identify(src) by extensions ['ignore', 'ignore_ament_install']
[2.184s] Level 1:colcon.colcon_core.package_identification:_identify(src) by extension 'ignore'
[2.185s] Level 1:colcon.colcon_core.package_identification:_identify(src) by extension 'ignore_ament_install'
[2.186s] Level 1:colcon.colcon_core.package_identification:_identify(src) by extensions ['colcon_pkg']
[2.187s] Level 1:colcon.colcon_core.package_identification:_identify(src) by extension 'colcon_pkg'
[2.187s] Level 1:colcon.colcon_core.package_identification:_identify(src) by extensions ['colcon_meta']
[2.188s] Level 1:colcon.colcon_core.package_identification:_identify(src) by extension 'colcon_meta'
[2.190s] Level 1:colcon.colcon_core.package_identification:_identify(src) by extensions ['ros']
[2.191s] Level 1:colcon.colcon_core.package_identification:_identify(src) by extension 'ros'
[2.193s] Level 1:colcon.colcon_core.package_identification:_identify(src) by extensions ['cmake', 'python']
[2.194s] Level 1:colcon.colcon_core.package_identification:_identify(src) by extension 'cmake'
[2.195s] Level 1:colcon.colcon_core.package_identification:_identify(src) by extension 'python'
[2.196s] Level 1:colcon.colcon_core.package_identification:_identify(src) by extensions ['python_setup_py']
[2.197s] Level 1:colcon.colcon_core.package_identification:_identify(src) by extension 'python_setup_py'
[2.198s] Level 1:colcon.colcon_core.package_identification:_identify(src/hw1) by extensions ['ignore', 'ignore_ament_install']
[2.200s] Level 1:colcon.colcon_core.package_identification:_identify(src/hw1) by extension 'ignore'
[2.202s] Level 1:colcon.colcon_core.package_identification:_identify(src/hw1) by extension 'ignore_ament_install'
[2.203s] Level 1:colcon.colcon_core.package_identification:_identify(src/hw1) by extensions ['colcon_pkg']
[2.205s] Level 1:colcon.colcon_core.package_identification:_identify(src/hw1) by extension 'colcon_pkg'
[2.206s] Level 1:colcon.colcon_core.package_identification:_identify(src/hw1) by extensions ['colcon_meta']
[2.207s] Level 1:colcon.colcon_core.package_identification:_identify(src/hw1) by extension 'colcon_meta'
[2.208s] Level 1:colcon.colcon_core.package_identification:_identify(src/hw1) by extensions ['ros']
[2.210s] Level 1:colcon.colcon_core.package_identification:_identify(src/hw1) by extension 'ros'
[2.240s] DEBUG:colcon.colcon_core.package_identification:Package 'src/hw1' with type 'ros.ament_python' and name 'hw1'
[2.241s] Level 1:colcon.colcon_core.package_discovery:discover_packages(recursive) using defaults
[2.242s] Level 1:colcon.colcon_core.package_discovery:discover_packages(ignore) discover
[2.243s] Level 1:colcon.colcon_core.package_discovery:discover_packages(ignore) using defaults
[2.243s] Level 1:colcon.colcon_core.package_discovery:discover_packages(path) discover
[2.245s] Level 1:colcon.colcon_core.package_discovery:discover_packages(path) using defaults
[2.428s] Level 1:colcon.colcon_core.package_discovery:discover_packages(prefix_path) check parameters
[2.429s] Level 1:colcon.colcon_core.package_discovery:discover_packages(prefix_path) discover
[2.437s] DEBUG:colcon.colcon_installed_package_information.package_discovery:Found 1 installed packages in /home/dylan/ros/Homework1-CS560-DylanBrearley/ros2_ws/install
[2.447s] DEBUG:colcon.colcon_installed_package_information.package_discovery:Found 295 installed packages in /opt/ros/humble
[2.494s] Level 1:colcon.colcon_core.package_discovery:discover_packages(prefix_path) using defaults
[2.677s] Level 5:colcon.colcon_core.verb:set package 'hw1' build argument 'cmake_args' from command line to 'None'
[2.677s] Level 5:colcon.colcon_core.verb:set package 'hw1' build argument 'cmake_target' from command line to 'None'
[2.677s] Level 5:colcon.colcon_core.verb:set package 'hw1' build argument 'cmake_target_skip_unavailable' from command line to 'False'
[2.678s] Level 5:colcon.colcon_core.verb:set package 'hw1' build argument 'cmake_clean_cache' from command line to 'False'
[2.678s] Level 5:colcon.colcon_core.verb:set package 'hw1' build argument 'cmake_clean_first' from command line to 'False'
[2.678s] Level 5:colcon.colcon_core.verb:set package 'hw1' build argument 'cmake_force_configure' from command line to 'False'
[2.678s] Level 5:colcon.colcon_core.verb:set package 'hw1' build argument 'ament_cmake_args' from command line to 'None'
[2.678s] Level 5:colcon.colcon_core.verb:set package 'hw1' build argument 'catkin_cmake_args' from command line to 'None'
[2.678s] Level 5:colcon.colcon_core.verb:set package 'hw1' build argument 'catkin_skip_building_tests' from command line to 'False'
[2.678s] DEBUG:colcon.colcon_core.verb:Building package 'hw1' with the following arguments: {'ament_cmake_args': None, 'build_base': '/home/dylan/ros/Homework1-CS560-DylanBrearley/ros2_ws/build/hw1', 'catkin_cmake_args': None, 'catkin_skip_building_tests': False, 'cmake_args': None, 'cmake_clean_cache': False, 'cmake_clean_first': False, 'cmake_force_configure': False, 'cmake_target': None, 'cmake_target_skip_unavailable': False, 'install_base': '/home/dylan/ros/Homework1-CS560-DylanBrearley/ros2_ws/install/hw1', 'merge_install': False, 'path': '/home/dylan/ros/Homework1-CS560-DylanBrearley/ros2_ws/src/hw1', 'symlink_install': True, 'test_result_base': None}
[2.679s] INFO:colcon.colcon_core.executor:Executing jobs using 'parallel' executor
[2.682s] DEBUG:colcon.colcon_parallel_executor.executor.parallel:run_until_complete
[2.683s] INFO:colcon.colcon_ros.task.ament_python.build:Building ROS package in '/home/dylan/ros/Homework1-CS560-DylanBrearley/ros2_ws/src/hw1' with build type 'ament_python'
[2.683s] Level 1:colcon.colcon_core.shell:create_environment_hook('hw1', 'ament_prefix_path')
[2.692s] INFO:colcon.colcon_core.plugin_system:Skipping extension 'colcon_core.shell.bat': Not used on non-Windows systems
[2.693s] INFO:colcon.colcon_core.shell:Creating environment hook '/home/dylan/ros/Homework1-CS560-DylanBrearley/ros2_ws/install/hw1/share/hw1/hook/ament_prefix_path.ps1'
[2.696s] INFO:colcon.colcon_core.shell:Creating environment descriptor '/home/dylan/ros/Homework1-CS560-DylanBrearley/ros2_ws/install/hw1/share/hw1/hook/ament_prefix_path.dsv'
[2.699s] INFO:colcon.colcon_core.shell:Creating environment hook '/home/dylan/ros/Homework1-CS560-DylanBrearley/ros2_ws/install/hw1/share/hw1/hook/ament_prefix_path.sh'
[2.703s] INFO:colcon.colcon_core.shell:Skip shell extension 'powershell' for command environment: Not usable outside of PowerShell
[2.704s] DEBUG:colcon.colcon_core.shell:Skip shell extension 'dsv' for command environment
[4.146s] INFO:colcon.colcon_core.task.python.build:Building Python package in '/home/dylan/ros/Homework1-CS560-DylanBrearley/ros2_ws/src/hw1'
[4.147s] INFO:colcon.colcon_core.shell:Skip shell extension 'powershell' for command environment: Not usable outside of PowerShell
[4.147s] DEBUG:colcon.colcon_core.shell:Skip shell extension 'dsv' for command environment
[5.966s] DEBUG:colcon.colcon_core.event_handler.log_command:Invoking command in '/home/dylan/ros/Homework1-CS560-DylanBrearley/ros2_ws/build/hw1': PYTHONPATH=/home/dylan/ros/Homework1-CS560-DylanBrearley/ros2_ws/build/hw1/prefix_override:/usr/lib/python3/dist-packages/colcon_core/task/python/colcon_distutils_commands:/home/dylan/ros/Homework1-CS560-DylanBrearley/ros2_ws/install/hw1/lib/python3.10/site-packages:${PYTHONPATH} /usr/bin/python3 -W ignore:setup.py install is deprecated -W ignore:easy_install command is deprecated setup.py develop --editable --build-directory /home/dylan/ros/Homework1-CS560-DylanBrearley/ros2_ws/build/hw1/build --no-deps symlink_data
[9.677s] Level 1:colcon.colcon_core.shell:create_environment_hook('hw1', 'pythonpath_develop')
[9.678s] INFO:colcon.colcon_core.shell:Creating environment hook '/home/dylan/ros/Homework1-CS560-DylanBrearley/ros2_ws/build/hw1/share/hw1/hook/pythonpath_develop.ps1'
[9.679s] DEBUG:colcon.colcon_core.event_handler.log_command:Invoked command in '/home/dylan/ros/Homework1-CS560-DylanBrearley/ros2_ws/build/hw1' returned '0': PYTHONPATH=/home/dylan/ros/Homework1-CS560-DylanBrearley/ros2_ws/build/hw1/prefix_override:/usr/lib/python3/dist-packages/colcon_core/task/python/colcon_distutils_commands:/home/dylan/ros/Homework1-CS560-DylanBrearley/ros2_ws/install/hw1/lib/python3.10/site-packages:${PYTHONPATH} /usr/bin/python3 -W ignore:setup.py install is deprecated -W ignore:easy_install command is deprecated setup.py develop --editable --build-directory /home/dylan/ros/Homework1-CS560-DylanBrearley/ros2_ws/build/hw1/build --no-deps symlink_data
[9.682s] INFO:colcon.colcon_core.shell:Creating environment descriptor '/home/dylan/ros/Homework1-CS560-DylanBrearley/ros2_ws/build/hw1/share/hw1/hook/pythonpath_develop.dsv'
[9.684s] INFO:colcon.colcon_core.shell:Creating environment hook '/home/dylan/ros/Homework1-CS560-DylanBrearley/ros2_ws/build/hw1/share/hw1/hook/pythonpath_develop.sh'
[9.699s] Level 1:colcon.colcon_core.environment:checking '/home/dylan/ros/Homework1-CS560-DylanBrearley/ros2_ws/install/hw1' for CMake module files
[9.702s] Level 1:colcon.colcon_core.environment:checking '/home/dylan/ros/Homework1-CS560-DylanBrearley/ros2_ws/install/hw1' for CMake config files
[9.707s] Level 1:colcon.colcon_core.environment:checking '/home/dylan/ros/Homework1-CS560-DylanBrearley/ros2_ws/install/hw1/lib'
[9.708s] Level 1:colcon.colcon_core.environment:checking '/home/dylan/ros/Homework1-CS560-DylanBrearley/ros2_ws/install/hw1/bin'
[9.709s] Level 1:colcon.colcon_core.environment:checking '/home/dylan/ros/Homework1-CS560-DylanBrearley/ros2_ws/install/hw1/lib/pkgconfig/hw1.pc'
[9.710s] Level 1:colcon.colcon_core.environment:checking '/home/dylan/ros/Homework1-CS560-DylanBrearley/ros2_ws/install/hw1/lib/python3.10/site-packages'
[9.711s] Level 1:colcon.colcon_core.shell:create_environment_hook('hw1', 'pythonpath')
[9.712s] INFO:colcon.colcon_core.shell:Creating environment hook '/home/dylan/ros/Homework1-CS560-DylanBrearley/ros2_ws/install/hw1/share/hw1/hook/pythonpath.ps1'
[9.716s] INFO:colcon.colcon_core.shell:Creating environment descriptor '/home/dylan/ros/Homework1-CS560-DylanBrearley/ros2_ws/install/hw1/share/hw1/hook/pythonpath.dsv'
[9.719s] INFO:colcon.colcon_core.shell:Creating environment hook '/home/dylan/ros/Homework1-CS560-DylanBrearley/ros2_ws/install/hw1/share/hw1/hook/pythonpath.sh'
[9.722s] Level 1:colcon.colcon_core.environment:checking '/home/dylan/ros/Homework1-CS560-DylanBrearley/ros2_ws/install/hw1/bin'
[9.723s] Level 1:colcon.colcon_core.environment:create_environment_scripts_only(hw1)
[9.725s] INFO:colcon.colcon_core.shell:Creating package script '/home/dylan/ros/Homework1-CS560-DylanBrearley/ros2_ws/install/hw1/share/hw1/package.ps1'
[9.728s] INFO:colcon.colcon_core.shell:Creating package descriptor '/home/dylan/ros/Homework1-CS560-DylanBrearley/ros2_ws/install/hw1/share/hw1/package.dsv'
[9.731s] INFO:colcon.colcon_core.shell:Creating package script '/home/dylan/ros/Homework1-CS560-DylanBrearley/ros2_ws/install/hw1/share/hw1/package.sh'
[9.735s] INFO:colcon.colcon_core.shell:Creating package script '/home/dylan/ros/Homework1-CS560-DylanBrearley/ros2_ws/install/hw1/share/hw1/package.bash'
[9.738s] INFO:colcon.colcon_core.shell:Creating package script '/home/dylan/ros/Homework1-CS560-DylanBrearley/ros2_ws/install/hw1/share/hw1/package.zsh'
[9.742s] Level 1:colcon.colcon_core.environment:create_file_with_runtime_dependencies(/home/dylan/ros/Homework1-CS560-DylanBrearley/ros2_ws/install/hw1/share/colcon-core/packages/hw1)
[9.744s] DEBUG:colcon.colcon_parallel_executor.executor.parallel:closing loop
[9.745s] DEBUG:colcon.colcon_parallel_executor.executor.parallel:loop closed
[9.745s] DEBUG:colcon.colcon_parallel_executor.executor.parallel:run_until_complete finished with '0'
[9.746s] DEBUG:colcon.colcon_core.event_reactor:joining thread
[9.770s] INFO:colcon.colcon_core.plugin_system:Skipping extension 'colcon_notification.desktop_notification.terminal_notifier': Not used on non-Darwin systems
[9.771s] INFO:colcon.colcon_core.plugin_system:Skipping extension 'colcon_notification.desktop_notification.win32': Not used on non-Windows systems
[9.771s] INFO:colcon.colcon_notification.desktop_notification:Sending desktop notification using 'notify2'
[9.831s] DEBUG:colcon.colcon_core.event_reactor:joined thread
[9.832s] INFO:colcon.colcon_core.shell:Creating prefix script '/home/dylan/ros/Homework1-CS560-DylanBrearley/ros2_ws/install/local_setup.ps1'
[9.837s] INFO:colcon.colcon_core.shell:Creating prefix util module '/home/dylan/ros/Homework1-CS560-DylanBrearley/ros2_ws/install/_local_setup_util_ps1.py'
[9.845s] INFO:colcon.colcon_core.shell:Creating prefix chain script '/home/dylan/ros/Homework1-CS560-DylanBrearley/ros2_ws/install/setup.ps1'
[9.852s] INFO:colcon.colcon_core.shell:Creating prefix script '/home/dylan/ros/Homework1-CS560-DylanBrearley/ros2_ws/install/local_setup.sh'
[9.856s] INFO:colcon.colcon_core.shell:Creating prefix util module '/home/dylan/ros/Homework1-CS560-DylanBrearley/ros2_ws/install/_local_setup_util_sh.py'
[9.861s] INFO:colcon.colcon_core.shell:Creating prefix chain script '/home/dylan/ros/Homework1-CS560-DylanBrearley/ros2_ws/install/setup.sh'
[9.867s] INFO:colcon.colcon_core.shell:Creating prefix script '/home/dylan/ros/Homework1-CS560-DylanBrearley/ros2_ws/install/local_setup.bash'
[9.870s] INFO:colcon.colcon_core.shell:Creating prefix chain script '/home/dylan/ros/Homework1-CS560-DylanBrearley/ros2_ws/install/setup.bash'
[9.876s] INFO:colcon.colcon_core.shell:Creating prefix script '/home/dylan/ros/Homework1-CS560-DylanBrearley/ros2_ws/install/local_setup.zsh'
[9.879s] INFO:colcon.colcon_core.shell:Creating prefix chain script '/home/dylan/ros/Homework1-CS560-DylanBrearley/ros2_ws/install/setup.zsh'
