[3.466s] Invoking command in '/home/dylan/ros/Homework1-CS560-DylanBrearley/build/hw1': PYTHONPATH=/home/dylan/ros/Homework1-CS560-DylanBrearley/build/hw1/prefix_override:/usr/lib/python3/dist-packages/colcon_core/task/python/colcon_distutils_commands:/home/dylan/ros/Homework1-CS560-DylanBrearley/install/hw1/lib/python3.10/site-packages:${PYTHONPATH} /usr/bin/python3 -W ignore:setup.py install is deprecated -W ignore:easy_install command is deprecated setup.py develop --editable --build-directory /home/dylan/ros/Homework1-CS560-DylanBrearley/build/hw1/build --no-deps symlink_data
[4.971s] running develop
[5.760s] running egg_info
[5.761s] writing hw1.egg-info/PKG-INFO
[5.762s] writing dependency_links to hw1.egg-info/dependency_links.txt
[5.763s] writing entry points to hw1.egg-info/entry_points.txt
[5.764s] writing requirements to hw1.egg-info/requires.txt
[5.764s] writing top-level names to hw1.egg-info/top_level.txt
[5.773s] reading manifest file 'hw1.egg-info/SOURCES.txt'
[5.777s] writing manifest file 'hw1.egg-info/SOURCES.txt'
[5.784s] running build_ext
[5.784s] Creating /home/dylan/ros/Homework1-CS560-DylanBrearley/install/hw1/lib/python3.10/site-packages/hw1.egg-link (link to .)
[5.788s] Installing circle script to /home/dylan/ros/Homework1-CS560-DylanBrearley/install/hw1/lib/hw1
[5.789s] Installing diamond script to /home/dylan/ros/Homework1-CS560-DylanBrearley/install/hw1/lib/hw1
[5.790s] Installing random script to /home/dylan/ros/Homework1-CS560-DylanBrearley/install/hw1/lib/hw1
[5.790s] Installing rectangle script to /home/dylan/ros/Homework1-CS560-DylanBrearley/install/hw1/lib/hw1
[5.792s] 
[5.792s] Installed /home/dylan/ros/Homework1-CS560-DylanBrearley/build/hw1
[5.793s] running symlink_data
[5.938s] Invoked command in '/home/dylan/ros/Homework1-CS560-DylanBrearley/build/hw1' returned '0': PYTHONPATH=/home/dylan/ros/Homework1-CS560-DylanBrearley/build/hw1/prefix_override:/usr/lib/python3/dist-packages/colcon_core/task/python/colcon_distutils_commands:/home/dylan/ros/Homework1-CS560-DylanBrearley/install/hw1/lib/python3.10/site-packages:${PYTHONPATH} /usr/bin/python3 -W ignore:setup.py install is deprecated -W ignore:easy_install command is deprecated setup.py develop --editable --build-directory /home/dylan/ros/Homework1-CS560-DylanBrearley/build/hw1/build --no-deps symlink_data
