[2.965s] Invoking command in '/home/dylan/ros/Homework1-CS560-DylanBrearley/ros2_ws/build/hw1': PYTHONPATH=/home/dylan/ros/Homework1-CS560-DylanBrearley/ros2_ws/build/hw1/prefix_override:/usr/lib/python3/dist-packages/colcon_core/task/python/colcon_distutils_commands:/home/dylan/ros/Homework1-CS560-DylanBrearley/ros2_ws/install/hw1/lib/python3.10/site-packages:${PYTHONPATH} /usr/bin/python3 -W ignore:setup.py install is deprecated -W ignore:easy_install command is deprecated setup.py develop --editable --build-directory /home/dylan/ros/Homework1-CS560-DylanBrearley/ros2_ws/build/hw1/build --no-deps symlink_data
[4.171s] running develop
[4.968s] running egg_info
[4.969s] writing hw1.egg-info/PKG-INFO
[4.970s] writing dependency_links to hw1.egg-info/dependency_links.txt
[4.971s] writing entry points to hw1.egg-info/entry_points.txt
[4.972s] writing requirements to hw1.egg-info/requires.txt
[4.972s] writing top-level names to hw1.egg-info/top_level.txt
[4.981s] reading manifest file 'hw1.egg-info/SOURCES.txt'
[4.985s] writing manifest file 'hw1.egg-info/SOURCES.txt'
[4.991s] running build_ext
[4.992s] Creating /home/dylan/ros/Homework1-CS560-DylanBrearley/ros2_ws/install/hw1/lib/python3.10/site-packages/hw1.egg-link (link to .)
[4.996s] Installing circle script to /home/dylan/ros/Homework1-CS560-DylanBrearley/ros2_ws/install/hw1/lib/hw1
[4.997s] Installing diamond script to /home/dylan/ros/Homework1-CS560-DylanBrearley/ros2_ws/install/hw1/lib/hw1
[4.998s] Installing random script to /home/dylan/ros/Homework1-CS560-DylanBrearley/ros2_ws/install/hw1/lib/hw1
[4.999s] Installing rectangle script to /home/dylan/ros/Homework1-CS560-DylanBrearley/ros2_ws/install/hw1/lib/hw1
[5.000s] 
[5.001s] Installed /home/dylan/ros/Homework1-CS560-DylanBrearley/ros2_ws/build/hw1
[5.001s] running symlink_data
[5.149s] Invoked command in '/home/dylan/ros/Homework1-CS560-DylanBrearley/ros2_ws/build/hw1' returned '0': PYTHONPATH=/home/dylan/ros/Homework1-CS560-DylanBrearley/ros2_ws/build/hw1/prefix_override:/usr/lib/python3/dist-packages/colcon_core/task/python/colcon_distutils_commands:/home/dylan/ros/Homework1-CS560-DylanBrearley/ros2_ws/install/hw1/lib/python3.10/site-packages:${PYTHONPATH} /usr/bin/python3 -W ignore:setup.py install is deprecated -W ignore:easy_install command is deprecated setup.py develop --editable --build-directory /home/dylan/ros/Homework1-CS560-DylanBrearley/ros2_ws/build/hw1/build --no-deps symlink_data
