[0.617s] DEBUG:colcon:Command line arguments: ['/usr/bin/colcon', 'build', '--packages-select', 'hw1', '--symlink-install']
[0.617s] DEBUG:colcon:Parsed command line arguments: Namespace(log_base=None, log_level=None, verb_name='build', build_base='build', install_base='install', merge_install=False, symlink_install=True, test_result_base=None, continue_on_error=False, executor='parallel', parallel_workers=4, event_handlers=None, ignore_user_meta=False, metas=['./colcon.meta'], base_paths=['.'], packages_ignore=None, packages_ignore_regex=None, paths=None, packages_up_to=None, packages_up_to_regex=None, packages_above=None, packages_above_and_dependencies=None, packages_above_depth=None, packages_select_by_dep=None, packages_skip_by_dep=None, packages_skip_up_to=None, packages_select_build_failed=False, packages_skip_build_finished=False, packages_select_test_failures=False, packages_skip_test_passed=False, packages_select=['hw1'], packages_skip=None, packages_select_regex=None, packages_skip_regex=None, packages_start=None, packages_end=None, allow_overriding=[], cmake_args=None, cmake_target=None, cmake_target_skip_unavailable=False, cmake_clean_cache=False, cmake_clean_first=False, cmake_force_configure=False, ament_cmake_args=None, catkin_cmake_args=None, catkin_skip_building_tests=False, verb_parser=<colcon_defaults.argument_parser.defaults.DefaultArgumentsDecorator object at 0xffffb7837b20>, verb_extension=<colcon_core.verb.build.BuildVerb object at 0xffffb7a18eb0>, main=<bound method BuildVerb.main of <colcon_core.verb.build.BuildVerb object at 0xffffb7a18eb0>>)
[1.984s] Level 1:colcon.colcon_core.package_discovery:discover_packages(colcon_meta) check parameters
[1.984s] Level 1:colcon.colcon_core.package_discovery:discover_packages(recursive) check parameters
[1.985s] Level 1:colcon.colcon_core.package_discovery:discover_packages(ignore) check parameters
[1.985s] Level 1:colcon.colcon_core.package_discovery:discover_packages(path) check parameters
[1.985s] Level 1:colcon.colcon_core.package_discovery:discover_packages(colcon_meta) discover
[1.985s] Level 1:colcon.colcon_core.package_discovery:discover_packages(recursive) discover
[1.986s] INFO:colcon.colcon_core.package_discovery:Crawling recursively for packages in '/home/dylan/ros/Homework1-CS560-DylanBrearley'
[1.986s] Level 1:colcon.colcon_core.package_identification:_identify(.) by extensions ['ignore', 'ignore_ament_install']
[1.987s] Level 1:colcon.colcon_core.package_identification:_identify(.) by extension 'ignore'
[1.987s] Level 1:colcon.colcon_core.package_identification:_identify(.) by extension 'ignore_ament_install'
[1.988s] Level 1:colcon.colcon_core.package_identification:_identify(.) by extensions ['colcon_pkg']
[1.988s] Level 1:colcon.colcon_core.package_identification:_identify(.) by extension 'colcon_pkg'
[1.989s] Level 1:colcon.colcon_core.package_identification:_identify(.) by extensions ['colcon_meta']
[1.989s] Level 1:colcon.colcon_core.package_identification:_identify(.) by extension 'colcon_meta'
[1.989s] Level 1:colcon.colcon_core.package_identification:_identify(.) by extensions ['ros']
[1.989s] Level 1:colcon.colcon_core.package_identification:_identify(.) by extension 'ros'
[2.053s] Level 1:colcon.colcon_core.package_identification:_identify(.) by extensions ['cmake', 'python']
[2.054s] Level 1:colcon.colcon_core.package_identification:_identify(.) by extension 'cmake'
[2.054s] Level 1:colcon.colcon_core.package_identification:_identify(.) by extension 'python'
[2.055s] Level 1:colcon.colcon_core.package_identification:_identify(.) by extensions ['python_setup_py']
[2.055s] Level 1:colcon.colcon_core.package_identification:_identify(.) by extension 'python_setup_py'
[2.056s] Level 1:colcon.colcon_core.package_identification:_identify(build) by extensions ['ignore', 'ignore_ament_install']
[2.057s] Level 1:colcon.colcon_core.package_identification:_identify(build) by extension 'ignore'
[2.057s] Level 1:colcon.colcon_core.package_identification:_identify(build) ignored
[2.058s] Level 1:colcon.colcon_core.package_identification:_identify(install) by extensions ['ignore', 'ignore_ament_install']
[2.059s] Level 1:colcon.colcon_core.package_identification:_identify(install) by extension 'ignore'
[2.059s] Level 1:colcon.colcon_core.package_identification:_identify(install) ignored
[2.060s] Level 1:colcon.colcon_core.package_identification:_identify(log) by extensions ['ignore', 'ignore_ament_install']
[2.061s] Level 1:colcon.colcon_core.package_identification:_identify(log) by extension 'ignore'
[2.061s] Level 1:colcon.colcon_core.package_identification:_identify(log) ignored
[2.062s] Level 1:colcon.colcon_core.package_identification:_identify(ros2_ws) by extensions ['ignore', 'ignore_ament_install']
[2.062s] Level 1:colcon.colcon_core.package_identification:_identify(ros2_ws) by extension 'ignore'
[2.063s] Level 1:colcon.colcon_core.package_identification:_identify(ros2_ws) by extension 'ignore_ament_install'
[2.063s] Level 1:colcon.colcon_core.package_identification:_identify(ros2_ws) by extensions ['colcon_pkg']
[2.063s] Level 1:colcon.colcon_core.package_identification:_identify(ros2_ws) by extension 'colcon_pkg'
[2.064s] Level 1:colcon.colcon_core.package_identification:_identify(ros2_ws) by extensions ['colcon_meta']
[2.064s] Level 1:colcon.colcon_core.package_identification:_identify(ros2_ws) by extension 'colcon_meta'
[2.064s] Level 1:colcon.colcon_core.package_identification:_identify(ros2_ws) by extensions ['ros']
[2.065s] Level 1:colcon.colcon_core.package_identification:_identify(ros2_ws) by extension 'ros'
[2.065s] Level 1:colcon.colcon_core.package_identification:_identify(ros2_ws) by extensions ['cmake', 'python']
[2.066s] Level 1:colcon.colcon_core.package_identification:_identify(ros2_ws) by extension 'cmake'
[2.066s] Level 1:colcon.colcon_core.package_identification:_identify(ros2_ws) by extension 'python'
[2.067s] Level 1:colcon.colcon_core.package_identification:_identify(ros2_ws) by extensions ['python_setup_py']
[2.067s] Level 1:colcon.colcon_core.package_identification:_identify(ros2_ws) by extension 'python_setup_py'
[2.068s] Level 1:colcon.colcon_core.package_identification:_identify(ros2_ws/build) by extensions ['ignore', 'ignore_ament_install']
[2.069s] Level 1:colcon.colcon_core.package_identification:_identify(ros2_ws/build) by extension 'ignore'
[2.069s] Level 1:colcon.colcon_core.package_identification:_identify(ros2_ws/build) ignored
[2.070s] Level 1:colcon.colcon_core.package_identification:_identify(ros2_ws/install) by extensions ['ignore', 'ignore_ament_install']
[2.071s] Level 1:colcon.colcon_core.package_identification:_identify(ros2_ws/install) by extension 'ignore'
[2.071s] Level 1:colcon.colcon_core.package_identification:_identify(ros2_ws/install) ignored
[2.072s] Level 1:colcon.colcon_core.package_identification:_identify(ros2_ws/log) by extensions ['ignore', 'ignore_ament_install']
[2.072s] Level 1:colcon.colcon_core.package_identification:_identify(ros2_ws/log) by extension 'ignore'
[2.073s] Level 1:colcon.colcon_core.package_identification:_identify(ros2_ws/log) ignored
[2.073s] Level 1:colcon.colcon_core.package_identification:_identify(ros2_ws/src) by extensions ['ignore', 'ignore_ament_install']
[2.074s] Level 1:colcon.colcon_core.package_identification:_identify(ros2_ws/src) by extension 'ignore'
[2.074s] Level 1:colcon.colcon_core.package_identification:_identify(ros2_ws/src) by extension 'ignore_ament_install'
[2.075s] Level 1:colcon.colcon_core.package_identification:_identify(ros2_ws/src) by extensions ['colcon_pkg']
[2.075s] Level 1:colcon.colcon_core.package_identification:_identify(ros2_ws/src) by extension 'colcon_pkg'
[2.075s] Level 1:colcon.colcon_core.package_identification:_identify(ros2_ws/src) by extensions ['colcon_meta']
[2.076s] Level 1:colcon.colcon_core.package_identification:_identify(ros2_ws/src) by extension 'colcon_meta'
[2.076s] Level 1:colcon.colcon_core.package_identification:_identify(ros2_ws/src) by extensions ['ros']
[2.076s] Level 1:colcon.colcon_core.package_identification:_identify(ros2_ws/src) by extension 'ros'
[2.077s] Level 1:colcon.colcon_core.package_identification:_identify(ros2_ws/src) by extensions ['cmake', 'python']
[2.077s] Level 1:colcon.colcon_core.package_identification:_identify(ros2_ws/src) by extension 'cmake'
[2.077s] Level 1:colcon.colcon_core.package_identification:_identify(ros2_ws/src) by extension 'python'
[2.078s] Level 1:colcon.colcon_core.package_identification:_identify(ros2_ws/src) by extensions ['python_setup_py']
[2.078s] Level 1:colcon.colcon_core.package_identification:_identify(ros2_ws/src) by extension 'python_setup_py'
[2.079s] Level 1:colcon.colcon_core.package_identification:_identify(ros2_ws/src/hw1) by extensions ['ignore', 'ignore_ament_install']
[2.079s] Level 1:colcon.colcon_core.package_identification:_identify(ros2_ws/src/hw1) by extension 'ignore'
[2.080s] Level 1:colcon.colcon_core.package_identification:_identify(ros2_ws/src/hw1) by extension 'ignore_ament_install'
[2.080s] Level 1:colcon.colcon_core.package_identification:_identify(ros2_ws/src/hw1) by extensions ['colcon_pkg']
[2.080s] Level 1:colcon.colcon_core.package_identification:_identify(ros2_ws/src/hw1) by extension 'colcon_pkg'
[2.081s] Level 1:colcon.colcon_core.package_identification:_identify(ros2_ws/src/hw1) by extensions ['colcon_meta']
[2.081s] Level 1:colcon.colcon_core.package_identification:_identify(ros2_ws/src/hw1) by extension 'colcon_meta'
[2.081s] Level 1:colcon.colcon_core.package_identification:_identify(ros2_ws/src/hw1) by extensions ['ros']
[2.081s] Level 1:colcon.colcon_core.package_identification:_identify(ros2_ws/src/hw1) by extension 'ros'
[2.091s] DEBUG:colcon.colcon_core.package_identification:Package 'ros2_ws/src/hw1' with type 'ros.ament_python' and name 'hw1'
[2.092s] Level 1:colcon.colcon_core.package_discovery:discover_packages(recursive) using defaults
[2.092s] Level 1:colcon.colcon_core.package_discovery:discover_packages(ignore) discover
[2.092s] Level 1:colcon.colcon_core.package_discovery:discover_packages(ignore) using defaults
[2.092s] Level 1:colcon.colcon_core.package_discovery:discover_packages(path) discover
[2.092s] Level 1:colcon.colcon_core.package_discovery:discover_packages(path) using defaults
[2.183s] Level 1:colcon.colcon_core.package_discovery:discover_packages(prefix_path) check parameters
[2.183s] Level 1:colcon.colcon_core.package_discovery:discover_packages(prefix_path) discover
[2.194s] DEBUG:colcon.colcon_installed_package_information.package_discovery:Found 1 installed packages in /home/dylan/ros/Homework1-CS560-DylanBrearley/ros2_ws/install
[2.204s] DEBUG:colcon.colcon_installed_package_information.package_discovery:Found 295 installed packages in /opt/ros/humble
[2.259s] Level 1:colcon.colcon_core.package_discovery:discover_packages(prefix_path) using defaults
[2.524s] Level 5:colcon.colcon_core.verb:set package 'hw1' build argument 'cmake_args' from command line to 'None'
[2.524s] Level 5:colcon.colcon_core.verb:set package 'hw1' build argument 'cmake_target' from command line to 'None'
[2.524s] Level 5:colcon.colcon_core.verb:set package 'hw1' build argument 'cmake_target_skip_unavailable' from command line to 'False'
[2.524s] Level 5:colcon.colcon_core.verb:set package 'hw1' build argument 'cmake_clean_cache' from command line to 'False'
[2.524s] Level 5:colcon.colcon_core.verb:set package 'hw1' build argument 'cmake_clean_first' from command line to 'False'
[2.525s] Level 5:colcon.colcon_core.verb:set package 'hw1' build argument 'cmake_force_configure' from command line to 'False'
[2.525s] Level 5:colcon.colcon_core.verb:set package 'hw1' build argument 'ament_cmake_args' from command line to 'None'
[2.525s] Level 5:colcon.colcon_core.verb:set package 'hw1' build argument 'catkin_cmake_args' from command line to 'None'
[2.525s] Level 5:colcon.colcon_core.verb:set package 'hw1' build argument 'catkin_skip_building_tests' from command line to 'False'
[2.525s] DEBUG:colcon.colcon_core.verb:Building package 'hw1' with the following arguments: {'ament_cmake_args': None, 'build_base': '/home/dylan/ros/Homework1-CS560-DylanBrearley/build/hw1', 'catkin_cmake_args': None, 'catkin_skip_building_tests': False, 'cmake_args': None, 'cmake_clean_cache': False, 'cmake_clean_first': False, 'cmake_force_configure': False, 'cmake_target': None, 'cmake_target_skip_unavailable': False, 'install_base': '/home/dylan/ros/Homework1-CS560-DylanBrearley/install/hw1', 'merge_install': False, 'path': '/home/dylan/ros/Homework1-CS560-DylanBrearley/ros2_ws/src/hw1', 'symlink_install': True, 'test_result_base': None}
[2.526s] INFO:colcon.colcon_core.executor:Executing jobs using 'parallel' executor
[2.530s] DEBUG:colcon.colcon_parallel_executor.executor.parallel:run_until_complete
[2.531s] INFO:colcon.colcon_ros.task.ament_python.build:Building ROS package in '/home/dylan/ros/Homework1-CS560-DylanBrearley/ros2_ws/src/hw1' with build type 'ament_python'
[2.532s] Level 1:colcon.colcon_core.shell:create_environment_hook('hw1', 'ament_prefix_path')
[2.545s] INFO:colcon.colcon_core.plugin_system:Skipping extension 'colcon_core.shell.bat': Not used on non-Windows systems
[2.546s] INFO:colcon.colcon_core.shell:Creating environment hook '/home/dylan/ros/Homework1-CS560-DylanBrearley/install/hw1/share/hw1/hook/ament_prefix_path.ps1'
[2.550s] INFO:colcon.colcon_core.shell:Creating environment descriptor '/home/dylan/ros/Homework1-CS560-DylanBrearley/install/hw1/share/hw1/hook/ament_prefix_path.dsv'
[2.557s] INFO:colcon.colcon_core.shell:Creating environment hook '/home/dylan/ros/Homework1-CS560-DylanBrearley/install/hw1/share/hw1/hook/ament_prefix_path.sh'
[2.561s] INFO:colcon.colcon_core.shell:Skip shell extension 'powershell' for command environment: Not usable outside of PowerShell
[2.562s] DEBUG:colcon.colcon_core.shell:Skip shell extension 'dsv' for command environment
[4.169s] INFO:colcon.colcon_core.task.python.build:Building Python package in '/home/dylan/ros/Homework1-CS560-DylanBrearley/ros2_ws/src/hw1'
[4.171s] INFO:colcon.colcon_core.shell:Skip shell extension 'powershell' for command environment: Not usable outside of PowerShell
[4.171s] DEBUG:colcon.colcon_core.shell:Skip shell extension 'dsv' for command environment
[6.000s] DEBUG:colcon.colcon_core.event_handler.log_command:Invoking command in '/home/dylan/ros/Homework1-CS560-DylanBrearley/build/hw1': PYTHONPATH=/home/dylan/ros/Homework1-CS560-DylanBrearley/build/hw1/prefix_override:/usr/lib/python3/dist-packages/colcon_core/task/python/colcon_distutils_commands:/home/dylan/ros/Homework1-CS560-DylanBrearley/install/hw1/lib/python3.10/site-packages:${PYTHONPATH} /usr/bin/python3 -W ignore:setup.py install is deprecated -W ignore:easy_install command is deprecated setup.py develop --editable --build-directory /home/dylan/ros/Homework1-CS560-DylanBrearley/build/hw1/build --no-deps symlink_data
[8.469s] Level 1:colcon.colcon_core.shell:create_environment_hook('hw1', 'pythonpath_develop')
[8.470s] INFO:colcon.colcon_core.shell:Creating environment hook '/home/dylan/ros/Homework1-CS560-DylanBrearley/build/hw1/share/hw1/hook/pythonpath_develop.ps1'
[8.471s] DEBUG:colcon.colcon_core.event_handler.log_command:Invoked command in '/home/dylan/ros/Homework1-CS560-DylanBrearley/build/hw1' returned '0': PYTHONPATH=/home/dylan/ros/Homework1-CS560-DylanBrearley/build/hw1/prefix_override:/usr/lib/python3/dist-packages/colcon_core/task/python/colcon_distutils_commands:/home/dylan/ros/Homework1-CS560-DylanBrearley/install/hw1/lib/python3.10/site-packages:${PYTHONPATH} /usr/bin/python3 -W ignore:setup.py install is deprecated -W ignore:easy_install command is deprecated setup.py develop --editable --build-directory /home/dylan/ros/Homework1-CS560-DylanBrearley/build/hw1/build --no-deps symlink_data
[8.473s] INFO:colcon.colcon_core.shell:Creating environment descriptor '/home/dylan/ros/Homework1-CS560-DylanBrearley/build/hw1/share/hw1/hook/pythonpath_develop.dsv'
[8.476s] INFO:colcon.colcon_core.shell:Creating environment hook '/home/dylan/ros/Homework1-CS560-DylanBrearley/build/hw1/share/hw1/hook/pythonpath_develop.sh'
[8.491s] Level 1:colcon.colcon_core.environment:checking '/home/dylan/ros/Homework1-CS560-DylanBrearley/install/hw1' for CMake module files
[8.493s] Level 1:colcon.colcon_core.environment:checking '/home/dylan/ros/Homework1-CS560-DylanBrearley/install/hw1' for CMake config files
[8.496s] Level 1:colcon.colcon_core.environment:checking '/home/dylan/ros/Homework1-CS560-DylanBrearley/install/hw1/lib'
[8.497s] Level 1:colcon.colcon_core.environment:checking '/home/dylan/ros/Homework1-CS560-DylanBrearley/install/hw1/bin'
[8.498s] Level 1:colcon.colcon_core.environment:checking '/home/dylan/ros/Homework1-CS560-DylanBrearley/install/hw1/lib/pkgconfig/hw1.pc'
[8.498s] Level 1:colcon.colcon_core.environment:checking '/home/dylan/ros/Homework1-CS560-DylanBrearley/install/hw1/lib/python3.10/site-packages'
[8.499s] Level 1:colcon.colcon_core.shell:create_environment_hook('hw1', 'pythonpath')
[8.500s] INFO:colcon.colcon_core.shell:Creating environment hook '/home/dylan/ros/Homework1-CS560-DylanBrearley/install/hw1/share/hw1/hook/pythonpath.ps1'
[8.502s] INFO:colcon.colcon_core.shell:Creating environment descriptor '/home/dylan/ros/Homework1-CS560-DylanBrearley/install/hw1/share/hw1/hook/pythonpath.dsv'
[8.505s] INFO:colcon.colcon_core.shell:Creating environment hook '/home/dylan/ros/Homework1-CS560-DylanBrearley/install/hw1/share/hw1/hook/pythonpath.sh'
[8.508s] Level 1:colcon.colcon_core.environment:checking '/home/dylan/ros/Homework1-CS560-DylanBrearley/install/hw1/bin'
[8.508s] Level 1:colcon.colcon_core.environment:create_environment_scripts_only(hw1)
[8.510s] INFO:colcon.colcon_core.shell:Creating package script '/home/dylan/ros/Homework1-CS560-DylanBrearley/install/hw1/share/hw1/package.ps1'
[8.513s] INFO:colcon.colcon_core.shell:Creating package descriptor '/home/dylan/ros/Homework1-CS560-DylanBrearley/install/hw1/share/hw1/package.dsv'
[8.517s] INFO:colcon.colcon_core.shell:Creating package script '/home/dylan/ros/Homework1-CS560-DylanBrearley/install/hw1/share/hw1/package.sh'
[8.522s] INFO:colcon.colcon_core.shell:Creating package script '/home/dylan/ros/Homework1-CS560-DylanBrearley/install/hw1/share/hw1/package.bash'
[8.525s] INFO:colcon.colcon_core.shell:Creating package script '/home/dylan/ros/Homework1-CS560-DylanBrearley/install/hw1/share/hw1/package.zsh'
[8.529s] Level 1:colcon.colcon_core.environment:create_file_with_runtime_dependencies(/home/dylan/ros/Homework1-CS560-DylanBrearley/install/hw1/share/colcon-core/packages/hw1)
[8.530s] DEBUG:colcon.colcon_parallel_executor.executor.parallel:closing loop
[8.531s] DEBUG:colcon.colcon_parallel_executor.executor.parallel:loop closed
[8.532s] DEBUG:colcon.colcon_parallel_executor.executor.parallel:run_until_complete finished with '0'
[8.532s] DEBUG:colcon.colcon_core.event_reactor:joining thread
[8.559s] INFO:colcon.colcon_core.plugin_system:Skipping extension 'colcon_notification.desktop_notification.terminal_notifier': Not used on non-Darwin systems
[8.560s] INFO:colcon.colcon_core.plugin_system:Skipping extension 'colcon_notification.desktop_notification.win32': Not used on non-Windows systems
[8.560s] INFO:colcon.colcon_notification.desktop_notification:Sending desktop notification using 'notify2'
[8.611s] DEBUG:colcon.colcon_core.event_reactor:joined thread
[8.612s] INFO:colcon.colcon_core.shell:Creating prefix script '/home/dylan/ros/Homework1-CS560-DylanBrearley/install/local_setup.ps1'
[8.617s] INFO:colcon.colcon_core.shell:Creating prefix util module '/home/dylan/ros/Homework1-CS560-DylanBrearley/install/_local_setup_util_ps1.py'
[8.625s] INFO:colcon.colcon_core.shell:Creating prefix chain script '/home/dylan/ros/Homework1-CS560-DylanBrearley/install/setup.ps1'
[8.632s] INFO:colcon.colcon_core.shell:Creating prefix script '/home/dylan/ros/Homework1-CS560-DylanBrearley/install/local_setup.sh'
[8.636s] INFO:colcon.colcon_core.shell:Creating prefix util module '/home/dylan/ros/Homework1-CS560-DylanBrearley/install/_local_setup_util_sh.py'
[8.640s] INFO:colcon.colcon_core.shell:Creating prefix chain script '/home/dylan/ros/Homework1-CS560-DylanBrearley/install/setup.sh'
[8.647s] INFO:colcon.colcon_core.shell:Creating prefix script '/home/dylan/ros/Homework1-CS560-DylanBrearley/install/local_setup.bash'
[8.650s] INFO:colcon.colcon_core.shell:Creating prefix chain script '/home/dylan/ros/Homework1-CS560-DylanBrearley/install/setup.bash'
[8.656s] INFO:colcon.colcon_core.shell:Creating prefix script '/home/dylan/ros/Homework1-CS560-DylanBrearley/install/local_setup.zsh'
[8.659s] INFO:colcon.colcon_core.shell:Creating prefix chain script '/home/dylan/ros/Homework1-CS560-DylanBrearley/install/setup.zsh'
